SF:/home/user/captchapi/src/config.rs
FN:109,_RNvMs_NtCs49FsUT9Vps1_9captchapi6configNtB4_6Config14server_address
FN:37,_RNvMs_NtCs49FsUT9Vps1_9captchapi6configNtB4_6Config8from_env
FN:12,_RNvXNtCs49FsUT9Vps1_9captchapi6configNtB2_7RealEnvNtB2_11EnvProvider3get
FN:42,_RINvMs_NtCs49FsUT9Vps1_9captchapi6configNtB5_6Config17from_env_providerNtB5_7RealEnvEB7_
FN:46,_RNCINvMs_NtCs49FsUT9Vps1_9captchapi6configNtB7_6Config17from_env_providerNtB7_7RealEnvE0B9_
FN:54,_RNCINvMs_NtCs49FsUT9Vps1_9captchapi6configNtB7_6Config17from_env_providerNtB7_7RealEnvEs1_0B9_
FN:63,_RNCINvMs_NtCs49FsUT9Vps1_9captchapi6configNtB7_6Config17from_env_providerNtB7_7RealEnvEs4_0B9_
FN:68,_RNCINvMs_NtCs49FsUT9Vps1_9captchapi6configNtB7_6Config17from_env_providerNtB7_7RealEnvEs6_0B9_
FN:73,_RNCINvMs_NtCs49FsUT9Vps1_9captchapi6configNtB7_6Config17from_env_providerNtB7_7RealEnvEs8_0B9_
FN:49,_RNCINvMs_NtCs49FsUT9Vps1_9captchapi6configNtB7_6Config17from_env_providerNtB7_7RealEnvEs_0B9_
FN:78,_RNCINvMs_NtCs49FsUT9Vps1_9captchapi6configNtB7_6Config17from_env_providerNtB7_7RealEnvEsa_0B9_
FN:83,_RNCINvMs_NtCs49FsUT9Vps1_9captchapi6configNtB7_6Config17from_env_providerNtB7_7RealEnvEsc_0B9_
FN:85,_RNCINvMs_NtCs49FsUT9Vps1_9captchapi6configNtB7_6Config17from_env_providerNtB7_7RealEnvEsd_0B9_
FN:90,_RNCINvMs_NtCs49FsUT9Vps1_9captchapi6configNtB7_6Config17from_env_providerNtB7_7RealEnvEse_0B9_
FN:95,_RNCINvMs_NtCs49FsUT9Vps1_9captchapi6configNtB7_6Config17from_env_providerNtB7_7RealEnvEsg_0B9_
FN:97,_RNCINvMs_NtCs49FsUT9Vps1_9captchapi6configNtB7_6Config17from_env_providerNtB7_7RealEnvEsh_0B9_
FN:102,_RNCINvMs_NtCs49FsUT9Vps1_9captchapi6configNtB7_6Config17from_env_providerNtB7_7RealEnvEsi_0B9_
FN:42,_RINvMs_NtCsdjy7lWocQMd_9captchapi6configNtB5_6Config17from_env_providerNtB5_7RealEnvEB7_
FN:46,_RNCINvMs_NtCsdjy7lWocQMd_9captchapi6configNtB7_6Config17from_env_providerNtB7_7RealEnvE0B9_
FN:54,_RNCINvMs_NtCsdjy7lWocQMd_9captchapi6configNtB7_6Config17from_env_providerNtB7_7RealEnvEs1_0B9_
FN:63,_RNCINvMs_NtCsdjy7lWocQMd_9captchapi6configNtB7_6Config17from_env_providerNtB7_7RealEnvEs4_0B9_
FN:68,_RNCINvMs_NtCsdjy7lWocQMd_9captchapi6configNtB7_6Config17from_env_providerNtB7_7RealEnvEs6_0B9_
FN:73,_RNCINvMs_NtCsdjy7lWocQMd_9captchapi6configNtB7_6Config17from_env_providerNtB7_7RealEnvEs8_0B9_
FN:49,_RNCINvMs_NtCsdjy7lWocQMd_9captchapi6configNtB7_6Config17from_env_providerNtB7_7RealEnvEs_0B9_
FN:78,_RNCINvMs_NtCsdjy7lWocQMd_9captchapi6configNtB7_6Config17from_env_providerNtB7_7RealEnvEsa_0B9_
FN:83,_RNCINvMs_NtCsdjy7lWocQMd_9captchapi6configNtB7_6Config17from_env_providerNtB7_7RealEnvEsc_0B9_
FN:85,_RNCINvMs_NtCsdjy7lWocQMd_9captchapi6configNtB7_6Config17from_env_providerNtB7_7RealEnvEsd_0B9_
FN:90,_RNCINvMs_NtCsdjy7lWocQMd_9captchapi6configNtB7_6Config17from_env_providerNtB7_7RealEnvEse_0B9_
FN:95,_RNCINvMs_NtCsdjy7lWocQMd_9captchapi6configNtB7_6Config17from_env_providerNtB7_7RealEnvEsg_0B9_
FN:97,_RNCINvMs_NtCsdjy7lWocQMd_9captchapi6configNtB7_6Config17from_env_providerNtB7_7RealEnvEsh_0B9_
FN:102,_RNCINvMs_NtCsdjy7lWocQMd_9captchapi6configNtB7_6Config17from_env_providerNtB7_7RealEnvEsi_0B9_
FN:109,_RNvMs_NtCsdjy7lWocQMd_9captchapi6configNtB4_6Config14server_address
FN:37,_RNvMs_NtCsdjy7lWocQMd_9captchapi6configNtB4_6Config8from_env
FN:12,_RNvXNtCsdjy7lWocQMd_9captchapi6configNtB2_7RealEnvNtB2_11EnvProvider3get
FN:37,_RNvMs_NtCsfUeyVvfnc3w_9captchapi6configNtB4_6Config8from_env
FN:12,_RNvXNtCsfUeyVvfnc3w_9captchapi6configNtB2_7RealEnvNtB2_11EnvProvider3get
FN:109,_RNvMs_NtCsfUeyVvfnc3w_9captchapi6configNtB4_6Config14server_address
FN:135,_RNvMNtNtCsfUeyVvfnc3w_9captchapi6config5testsNtB2_7MockEnv16set_all_required
FN:125,_RNvMNtNtCsfUeyVvfnc3w_9captchapi6config5testsNtB2_7MockEnv3new
FN:131,_RNvMNtNtCsfUeyVvfnc3w_9captchapi6config5testsNtB2_7MockEnv3set
FN:279,_RNvNtNtCsfUeyVvfnc3w_9captchapi6config5testss_23test_config_custom_port
FN:159,_RNvNtNtCsfUeyVvfnc3w_9captchapi6config5testss_26test_config_from_valid_env
FN:268,_RNvNtNtCsfUeyVvfnc3w_9captchapi6config5testss_26test_server_address_format
FN:299,_RNvNtNtCsfUeyVvfnc3w_9captchapi6config5testss_29test_config_custom_ttl_values
FN:213,_RNvNtNtCsfUeyVvfnc3w_9captchapi6config5testss_29test_config_port_out_of_range
FN:311,_RNvNtNtCsfUeyVvfnc3w_9captchapi6config5testss_30test_config_custom_compression
FN:224,_RNvNtNtCsfUeyVvfnc3w_9captchapi6config5testss_30test_config_invalid_ttl_format
FN:289,_RNvNtNtCsfUeyVvfnc3w_9captchapi6config5testss_31test_config_custom_database_url
FN:202,_RNvNtNtCsfUeyVvfnc3w_9captchapi6config5testss_31test_config_invalid_port_format
FN:250,_RNvNtNtCsfUeyVvfnc3w_9captchapi6config5testss_31test_config_uses_default_values
FN:180,_RNvNtNtCsfUeyVvfnc3w_9captchapi6config5testss_32test_config_missing_api_key_salt
FN:191,_RNvNtNtCsfUeyVvfnc3w_9captchapi6config5testss_34test_config_missing_master_api_key
FN:237,_RNvNtNtCsfUeyVvfnc3w_9captchapi6config5testss_35test_config_invalid_attempts_format
FN:362,_RNvNtNtCsfUeyVvfnc3w_9captchapi6config5testss_36test_config_custom_rate_limit_window
FN:421,_RNvNtNtCsfUeyVvfnc3w_9captchapi6config5testss_37test_config_rate_limit_default_values
FN:321,_RNvNtNtCsfUeyVvfnc3w_9captchapi6config5testss_38test_config_compression_clamped_to_max
FN:331,_RNvNtNtCsfUeyVvfnc3w_9captchapi6config5testss_38test_config_compression_clamped_to_min
FN:352,_RNvNtNtCsfUeyVvfnc3w_9captchapi6config5testss_38test_config_custom_rate_limit_requests
FN:341,_RNvNtNtCsfUeyVvfnc3w_9captchapi6config5testss_38test_config_invalid_compression_format
FN:395,_RNvNtNtCsfUeyVvfnc3w_9captchapi6config5testss_44test_config_invalid_rate_limit_window_format
FN:408,_RNvNtNtCsfUeyVvfnc3w_9captchapi6config5testss_45test_config_invalid_rate_limit_cleanup_format
FN:372,_RNvNtNtCsfUeyVvfnc3w_9captchapi6config5testss_46test_config_custom_rate_limit_cleanup_interval
FN:382,_RNvNtNtCsfUeyVvfnc3w_9captchapi6config5testss_46test_config_invalid_rate_limit_requests_format
FN:153,_RNvXs_NtNtCsfUeyVvfnc3w_9captchapi6config5testsNtB4_7MockEnvNtB6_11EnvProvider3get
FN:42,_RINvMs_NtCsfUeyVvfnc3w_9captchapi6configNtB5_6Config17from_env_providerNtNtB5_5tests7MockEnvEB7_
FN:46,_RNCINvMs_NtCsfUeyVvfnc3w_9captchapi6configNtB7_6Config17from_env_providerNtNtB7_5tests7MockEnvE0B9_
FN:54,_RNCINvMs_NtCsfUeyVvfnc3w_9captchapi6configNtB7_6Config17from_env_providerNtNtB7_5tests7MockEnvEs1_0B9_
FN:63,_RNCINvMs_NtCsfUeyVvfnc3w_9captchapi6configNtB7_6Config17from_env_providerNtNtB7_5tests7MockEnvEs4_0B9_
FN:68,_RNCINvMs_NtCsfUeyVvfnc3w_9captchapi6configNtB7_6Config17from_env_providerNtNtB7_5tests7MockEnvEs6_0B9_
FN:73,_RNCINvMs_NtCsfUeyVvfnc3w_9captchapi6configNtB7_6Config17from_env_providerNtNtB7_5tests7MockEnvEs8_0B9_
FN:49,_RNCINvMs_NtCsfUeyVvfnc3w_9captchapi6configNtB7_6Config17from_env_providerNtNtB7_5tests7MockEnvEs_0B9_
FN:78,_RNCINvMs_NtCsfUeyVvfnc3w_9captchapi6configNtB7_6Config17from_env_providerNtNtB7_5tests7MockEnvEsa_0B9_
FN:83,_RNCINvMs_NtCsfUeyVvfnc3w_9captchapi6configNtB7_6Config17from_env_providerNtNtB7_5tests7MockEnvEsc_0B9_
FN:85,_RNCINvMs_NtCsfUeyVvfnc3w_9captchapi6configNtB7_6Config17from_env_providerNtNtB7_5tests7MockEnvEsd_0B9_
FN:90,_RNCINvMs_NtCsfUeyVvfnc3w_9captchapi6configNtB7_6Config17from_env_providerNtNtB7_5tests7MockEnvEse_0B9_
FN:95,_RNCINvMs_NtCsfUeyVvfnc3w_9captchapi6configNtB7_6Config17from_env_providerNtNtB7_5tests7MockEnvEsg_0B9_
FN:97,_RNCINvMs_NtCsfUeyVvfnc3w_9captchapi6configNtB7_6Config17from_env_providerNtNtB7_5tests7MockEnvEsh_0B9_
FN:102,_RNCINvMs_NtCsfUeyVvfnc3w_9captchapi6configNtB7_6Config17from_env_providerNtNtB7_5tests7MockEnvEsi_0B9_
FN:135,_RNvMNtNtCsbNrg83LN9s_9captchapi6config5testsNtB2_7MockEnv16set_all_required
FN:125,_RNvMNtNtCsbNrg83LN9s_9captchapi6config5testsNtB2_7MockEnv3new
FN:131,_RNvMNtNtCsbNrg83LN9s_9captchapi6config5testsNtB2_7MockEnv3set
FN:279,_RNvNtNtCsbNrg83LN9s_9captchapi6config5testss_23test_config_custom_port
FN:159,_RNvNtNtCsbNrg83LN9s_9captchapi6config5testss_26test_config_from_valid_env
FN:268,_RNvNtNtCsbNrg83LN9s_9captchapi6config5testss_26test_server_address_format
FN:299,_RNvNtNtCsbNrg83LN9s_9captchapi6config5testss_29test_config_custom_ttl_values
FN:213,_RNvNtNtCsbNrg83LN9s_9captchapi6config5testss_29test_config_port_out_of_range
FN:311,_RNvNtNtCsbNrg83LN9s_9captchapi6config5testss_30test_config_custom_compression
FN:224,_RNvNtNtCsbNrg83LN9s_9captchapi6config5testss_30test_config_invalid_ttl_format
FN:289,_RNvNtNtCsbNrg83LN9s_9captchapi6config5testss_31test_config_custom_database_url
FN:202,_RNvNtNtCsbNrg83LN9s_9captchapi6config5testss_31test_config_invalid_port_format
FN:250,_RNvNtNtCsbNrg83LN9s_9captchapi6config5testss_31test_config_uses_default_values
FN:180,_RNvNtNtCsbNrg83LN9s_9captchapi6config5testss_32test_config_missing_api_key_salt
FN:191,_RNvNtNtCsbNrg83LN9s_9captchapi6config5testss_34test_config_missing_master_api_key
FN:237,_RNvNtNtCsbNrg83LN9s_9captchapi6config5testss_35test_config_invalid_attempts_format
FN:362,_RNvNtNtCsbNrg83LN9s_9captchapi6config5testss_36test_config_custom_rate_limit_window
FN:421,_RNvNtNtCsbNrg83LN9s_9captchapi6config5testss_37test_config_rate_limit_default_values
FN:321,_RNvNtNtCsbNrg83LN9s_9captchapi6config5testss_38test_config_compression_clamped_to_max
FN:331,_RNvNtNtCsbNrg83LN9s_9captchapi6config5testss_38test_config_compression_clamped_to_min
FN:352,_RNvNtNtCsbNrg83LN9s_9captchapi6config5testss_38test_config_custom_rate_limit_requests
FN:341,_RNvNtNtCsbNrg83LN9s_9captchapi6config5testss_38test_config_invalid_compression_format
FN:395,_RNvNtNtCsbNrg83LN9s_9captchapi6config5testss_44test_config_invalid_rate_limit_window_format
FN:408,_RNvNtNtCsbNrg83LN9s_9captchapi6config5testss_45test_config_invalid_rate_limit_cleanup_format
FN:372,_RNvNtNtCsbNrg83LN9s_9captchapi6config5testss_46test_config_custom_rate_limit_cleanup_interval
FN:382,_RNvNtNtCsbNrg83LN9s_9captchapi6config5testss_46test_config_invalid_rate_limit_requests_format
FN:153,_RNvXs_NtNtCsbNrg83LN9s_9captchapi6config5testsNtB4_7MockEnvNtB6_11EnvProvider3get
FN:109,_RNvMs_NtCsbNrg83LN9s_9captchapi6configNtB4_6Config14server_address
FN:42,_RINvMs_NtCsbNrg83LN9s_9captchapi6configNtB5_6Config17from_env_providerNtNtB5_5tests7MockEnvEB7_
FN:46,_RNCINvMs_NtCsbNrg83LN9s_9captchapi6configNtB7_6Config17from_env_providerNtNtB7_5tests7MockEnvE0B9_
FN:54,_RNCINvMs_NtCsbNrg83LN9s_9captchapi6configNtB7_6Config17from_env_providerNtNtB7_5tests7MockEnvEs1_0B9_
FN:63,_RNCINvMs_NtCsbNrg83LN9s_9captchapi6configNtB7_6Config17from_env_providerNtNtB7_5tests7MockEnvEs4_0B9_
FN:68,_RNCINvMs_NtCsbNrg83LN9s_9captchapi6configNtB7_6Config17from_env_providerNtNtB7_5tests7MockEnvEs6_0B9_
FN:73,_RNCINvMs_NtCsbNrg83LN9s_9captchapi6configNtB7_6Config17from_env_providerNtNtB7_5tests7MockEnvEs8_0B9_
FN:49,_RNCINvMs_NtCsbNrg83LN9s_9captchapi6configNtB7_6Config17from_env_providerNtNtB7_5tests7MockEnvEs_0B9_
FN:78,_RNCINvMs_NtCsbNrg83LN9s_9captchapi6configNtB7_6Config17from_env_providerNtNtB7_5tests7MockEnvEsa_0B9_
FN:83,_RNCINvMs_NtCsbNrg83LN9s_9captchapi6configNtB7_6Config17from_env_providerNtNtB7_5tests7MockEnvEsc_0B9_
FN:85,_RNCINvMs_NtCsbNrg83LN9s_9captchapi6configNtB7_6Config17from_env_providerNtNtB7_5tests7MockEnvEsd_0B9_
FN:90,_RNCINvMs_NtCsbNrg83LN9s_9captchapi6configNtB7_6Config17from_env_providerNtNtB7_5tests7MockEnvEse_0B9_
FN:95,_RNCINvMs_NtCsbNrg83LN9s_9captchapi6configNtB7_6Config17from_env_providerNtNtB7_5tests7MockEnvEsg_0B9_
FN:97,_RNCINvMs_NtCsbNrg83LN9s_9captchapi6configNtB7_6Config17from_env_providerNtNtB7_5tests7MockEnvEsh_0B9_
FN:102,_RNCINvMs_NtCsbNrg83LN9s_9captchapi6configNtB7_6Config17from_env_providerNtNtB7_5tests7MockEnvEsi_0B9_
FN:37,_RNvMs_NtCsbNrg83LN9s_9captchapi6configNtB4_6Config8from_env
FN:12,_RNvXNtCsbNrg83LN9s_9captchapi6configNtB2_7RealEnvNtB2_11EnvProvider3get
FNDA:0,_RNvMs_NtCs49FsUT9Vps1_9captchapi6configNtB4_6Config14server_address
FNDA:0,_RNvMs_NtCs49FsUT9Vps1_9captchapi6configNtB4_6Config8from_env
FNDA:0,_RNvXNtCs49FsUT9Vps1_9captchapi6configNtB2_7RealEnvNtB2_11EnvProvider3get
FNDA:0,_RINvMs_NtCs49FsUT9Vps1_9captchapi6configNtB5_6Config17from_env_providerNtB5_7RealEnvEB7_
FNDA:0,_RNCINvMs_NtCs49FsUT9Vps1_9captchapi6configNtB7_6Config17from_env_providerNtB7_7RealEnvE0B9_
FNDA:0,_RNCINvMs_NtCs49FsUT9Vps1_9captchapi6configNtB7_6Config17from_env_providerNtB7_7RealEnvEs1_0B9_
FNDA:0,_RNCINvMs_NtCs49FsUT9Vps1_9captchapi6configNtB7_6Config17from_env_providerNtB7_7RealEnvEs4_0B9_
FNDA:0,_RNCINvMs_NtCs49FsUT9Vps1_9captchapi6configNtB7_6Config17from_env_providerNtB7_7RealEnvEs6_0B9_
FNDA:0,_RNCINvMs_NtCs49FsUT9Vps1_9captchapi6configNtB7_6Config17from_env_providerNtB7_7RealEnvEs8_0B9_
FNDA:0,_RNCINvMs_NtCs49FsUT9Vps1_9captchapi6configNtB7_6Config17from_env_providerNtB7_7RealEnvEs_0B9_
FNDA:0,_RNCINvMs_NtCs49FsUT9Vps1_9captchapi6configNtB7_6Config17from_env_providerNtB7_7RealEnvEsa_0B9_
FNDA:0,_RNCINvMs_NtCs49FsUT9Vps1_9captchapi6configNtB7_6Config17from_env_providerNtB7_7RealEnvEsc_0B9_
FNDA:0,_RNCINvMs_NtCs49FsUT9Vps1_9captchapi6configNtB7_6Config17from_env_providerNtB7_7RealEnvEsd_0B9_
FNDA:0,_RNCINvMs_NtCs49FsUT9Vps1_9captchapi6configNtB7_6Config17from_env_providerNtB7_7RealEnvEse_0B9_
FNDA:0,_RNCINvMs_NtCs49FsUT9Vps1_9captchapi6configNtB7_6Config17from_env_providerNtB7_7RealEnvEsg_0B9_
FNDA:0,_RNCINvMs_NtCs49FsUT9Vps1_9captchapi6configNtB7_6Config17from_env_providerNtB7_7RealEnvEsh_0B9_
FNDA:0,_RNCINvMs_NtCs49FsUT9Vps1_9captchapi6configNtB7_6Config17from_env_providerNtB7_7RealEnvEsi_0B9_
FNDA:0,_RINvMs_NtCsdjy7lWocQMd_9captchapi6configNtB5_6Config17from_env_providerNtB5_7RealEnvEB7_
FNDA:0,_RNCINvMs_NtCsdjy7lWocQMd_9captchapi6configNtB7_6Config17from_env_providerNtB7_7RealEnvE0B9_
FNDA:0,_RNCINvMs_NtCsdjy7lWocQMd_9captchapi6configNtB7_6Config17from_env_providerNtB7_7RealEnvEs1_0B9_
FNDA:0,_RNCINvMs_NtCsdjy7lWocQMd_9captchapi6configNtB7_6Config17from_env_providerNtB7_7RealEnvEs4_0B9_
FNDA:0,_RNCINvMs_NtCsdjy7lWocQMd_9captchapi6configNtB7_6Config17from_env_providerNtB7_7RealEnvEs6_0B9_
FNDA:0,_RNCINvMs_NtCsdjy7lWocQMd_9captchapi6configNtB7_6Config17from_env_providerNtB7_7RealEnvEs8_0B9_
FNDA:0,_RNCINvMs_NtCsdjy7lWocQMd_9captchapi6configNtB7_6Config17from_env_providerNtB7_7RealEnvEs_0B9_
FNDA:0,_RNCINvMs_NtCsdjy7lWocQMd_9captchapi6configNtB7_6Config17from_env_providerNtB7_7RealEnvEsa_0B9_
FNDA:0,_RNCINvMs_NtCsdjy7lWocQMd_9captchapi6configNtB7_6Config17from_env_providerNtB7_7RealEnvEsc_0B9_
FNDA:0,_RNCINvMs_NtCsdjy7lWocQMd_9captchapi6configNtB7_6Config17from_env_providerNtB7_7RealEnvEsd_0B9_
FNDA:0,_RNCINvMs_NtCsdjy7lWocQMd_9captchapi6configNtB7_6Config17from_env_providerNtB7_7RealEnvEse_0B9_
FNDA:0,_RNCINvMs_NtCsdjy7lWocQMd_9captchapi6configNtB7_6Config17from_env_providerNtB7_7RealEnvEsg_0B9_
FNDA:0,_RNCINvMs_NtCsdjy7lWocQMd_9captchapi6configNtB7_6Config17from_env_providerNtB7_7RealEnvEsh_0B9_
FNDA:0,_RNCINvMs_NtCsdjy7lWocQMd_9captchapi6configNtB7_6Config17from_env_providerNtB7_7RealEnvEsi_0B9_
FNDA:0,_RNvMs_NtCsdjy7lWocQMd_9captchapi6configNtB4_6Config14server_address
FNDA:0,_RNvMs_NtCsdjy7lWocQMd_9captchapi6configNtB4_6Config8from_env
FNDA:0,_RNvXNtCsdjy7lWocQMd_9captchapi6configNtB2_7RealEnvNtB2_11EnvProvider3get
FNDA:0,_RNvMs_NtCsfUeyVvfnc3w_9captchapi6configNtB4_6Config8from_env
FNDA:0,_RNvXNtCsfUeyVvfnc3w_9captchapi6configNtB2_7RealEnvNtB2_11EnvProvider3get
FNDA:1,_RNvMs_NtCsfUeyVvfnc3w_9captchapi6configNtB4_6Config14server_address
FNDA:21,_RNvMNtNtCsfUeyVvfnc3w_9captchapi6config5testsNtB2_7MockEnv16set_all_required
FNDA:23,_RNvMNtNtCsfUeyVvfnc3w_9captchapi6config5testsNtB2_7MockEnv3new
FNDA:297,_RNvMNtNtCsfUeyVvfnc3w_9captchapi6config5testsNtB2_7MockEnv3set
FNDA:1,_RNvNtNtCsfUeyVvfnc3w_9captchapi6config5testss_23test_config_custom_port
FNDA:1,_RNvNtNtCsfUeyVvfnc3w_9captchapi6config5testss_26test_config_from_valid_env
FNDA:1,_RNvNtNtCsfUeyVvfnc3w_9captchapi6config5testss_26test_server_address_format
FNDA:1,_RNvNtNtCsfUeyVvfnc3w_9captchapi6config5testss_29test_config_custom_ttl_values
FNDA:1,_RNvNtNtCsfUeyVvfnc3w_9captchapi6config5testss_29test_config_port_out_of_range
FNDA:1,_RNvNtNtCsfUeyVvfnc3w_9captchapi6config5testss_30test_config_custom_compression
FNDA:1,_RNvNtNtCsfUeyVvfnc3w_9captchapi6config5testss_30test_config_invalid_ttl_format
FNDA:1,_RNvNtNtCsfUeyVvfnc3w_9captchapi6config5testss_31test_config_custom_database_url
FNDA:1,_RNvNtNtCsfUeyVvfnc3w_9captchapi6config5testss_31test_config_invalid_port_format
FNDA:1,_RNvNtNtCsfUeyVvfnc3w_9captchapi6config5testss_31test_config_uses_default_values
FNDA:1,_RNvNtNtCsfUeyVvfnc3w_9captchapi6config5testss_32test_config_missing_api_key_salt
FNDA:1,_RNvNtNtCsfUeyVvfnc3w_9captchapi6config5testss_34test_config_missing_master_api_key
FNDA:1,_RNvNtNtCsfUeyVvfnc3w_9captchapi6config5testss_35test_config_invalid_attempts_format
FNDA:1,_RNvNtNtCsfUeyVvfnc3w_9captchapi6config5testss_36test_config_custom_rate_limit_window
FNDA:1,_RNvNtNtCsfUeyVvfnc3w_9captchapi6config5testss_37test_config_rate_limit_default_values
FNDA:1,_RNvNtNtCsfUeyVvfnc3w_9captchapi6config5testss_38test_config_compression_clamped_to_max
FNDA:1,_RNvNtNtCsfUeyVvfnc3w_9captchapi6config5testss_38test_config_compression_clamped_to_min
FNDA:1,_RNvNtNtCsfUeyVvfnc3w_9captchapi6config5testss_38test_config_custom_rate_limit_requests
FNDA:1,_RNvNtNtCsfUeyVvfnc3w_9captchapi6config5testss_38test_config_invalid_compression_format
FNDA:1,_RNvNtNtCsfUeyVvfnc3w_9captchapi6config5testss_44test_config_invalid_rate_limit_window_format
FNDA:1,_RNvNtNtCsfUeyVvfnc3w_9captchapi6config5testss_45test_config_invalid_rate_limit_cleanup_format
FNDA:1,_RNvNtNtCsfUeyVvfnc3w_9captchapi6config5testss_46test_config_custom_rate_limit_cleanup_interval
FNDA:1,_RNvNtNtCsfUeyVvfnc3w_9captchapi6config5testss_46test_config_invalid_rate_limit_requests_format
FNDA:242,_RNvXs_NtNtCsfUeyVvfnc3w_9captchapi6config5testsNtB4_7MockEnvNtB6_11EnvProvider3get
FNDA:23,_RINvMs_NtCsfUeyVvfnc3w_9captchapi6configNtB5_6Config17from_env_providerNtNtB5_5tests7MockEnvEB7_
FNDA:2,_RNCINvMs_NtCsfUeyVvfnc3w_9captchapi6configNtB7_6Config17from_env_providerNtNtB7_5tests7MockEnvE0B9_
FNDA:2,_RNCINvMs_NtCsfUeyVvfnc3w_9captchapi6configNtB7_6Config17from_env_providerNtNtB7_5tests7MockEnvEs1_0B9_
FNDA:2,_RNCINvMs_NtCsfUeyVvfnc3w_9captchapi6configNtB7_6Config17from_env_providerNtNtB7_5tests7MockEnvEs4_0B9_
FNDA:2,_RNCINvMs_NtCsfUeyVvfnc3w_9captchapi6configNtB7_6Config17from_env_providerNtNtB7_5tests7MockEnvEs6_0B9_
FNDA:2,_RNCINvMs_NtCsfUeyVvfnc3w_9captchapi6configNtB7_6Config17from_env_providerNtNtB7_5tests7MockEnvEs8_0B9_
FNDA:2,_RNCINvMs_NtCsfUeyVvfnc3w_9captchapi6configNtB7_6Config17from_env_providerNtNtB7_5tests7MockEnvEs_0B9_
FNDA:2,_RNCINvMs_NtCsfUeyVvfnc3w_9captchapi6configNtB7_6Config17from_env_providerNtNtB7_5tests7MockEnvEsa_0B9_
FNDA:2,_RNCINvMs_NtCsfUeyVvfnc3w_9captchapi6configNtB7_6Config17from_env_providerNtNtB7_5tests7MockEnvEsc_0B9_
FNDA:1,_RNCINvMs_NtCsfUeyVvfnc3w_9captchapi6configNtB7_6Config17from_env_providerNtNtB7_5tests7MockEnvEsd_0B9_
FNDA:2,_RNCINvMs_NtCsfUeyVvfnc3w_9captchapi6configNtB7_6Config17from_env_providerNtNtB7_5tests7MockEnvEse_0B9_
FNDA:2,_RNCINvMs_NtCsfUeyVvfnc3w_9captchapi6configNtB7_6Config17from_env_providerNtNtB7_5tests7MockEnvEsg_0B9_
FNDA:1,_RNCINvMs_NtCsfUeyVvfnc3w_9captchapi6configNtB7_6Config17from_env_providerNtNtB7_5tests7MockEnvEsh_0B9_
FNDA:2,_RNCINvMs_NtCsfUeyVvfnc3w_9captchapi6configNtB7_6Config17from_env_providerNtNtB7_5tests7MockEnvEsi_0B9_
FNDA:21,_RNvMNtNtCsbNrg83LN9s_9captchapi6config5testsNtB2_7MockEnv16set_all_required
FNDA:23,_RNvMNtNtCsbNrg83LN9s_9captchapi6config5testsNtB2_7MockEnv3new
FNDA:297,_RNvMNtNtCsbNrg83LN9s_9captchapi6config5testsNtB2_7MockEnv3set
FNDA:1,_RNvNtNtCsbNrg83LN9s_9captchapi6config5testss_23test_config_custom_port
FNDA:1,_RNvNtNtCsbNrg83LN9s_9captchapi6config5testss_26test_config_from_valid_env
FNDA:1,_RNvNtNtCsbNrg83LN9s_9captchapi6config5testss_26test_server_address_format
FNDA:1,_RNvNtNtCsbNrg83LN9s_9captchapi6config5testss_29test_config_custom_ttl_values
FNDA:1,_RNvNtNtCsbNrg83LN9s_9captchapi6config5testss_29test_config_port_out_of_range
FNDA:1,_RNvNtNtCsbNrg83LN9s_9captchapi6config5testss_30test_config_custom_compression
FNDA:1,_RNvNtNtCsbNrg83LN9s_9captchapi6config5testss_30test_config_invalid_ttl_format
FNDA:1,_RNvNtNtCsbNrg83LN9s_9captchapi6config5testss_31test_config_custom_database_url
FNDA:1,_RNvNtNtCsbNrg83LN9s_9captchapi6config5testss_31test_config_invalid_port_format
FNDA:1,_RNvNtNtCsbNrg83LN9s_9captchapi6config5testss_31test_config_uses_default_values
FNDA:1,_RNvNtNtCsbNrg83LN9s_9captchapi6config5testss_32test_config_missing_api_key_salt
FNDA:1,_RNvNtNtCsbNrg83LN9s_9captchapi6config5testss_34test_config_missing_master_api_key
FNDA:1,_RNvNtNtCsbNrg83LN9s_9captchapi6config5testss_35test_config_invalid_attempts_format
FNDA:1,_RNvNtNtCsbNrg83LN9s_9captchapi6config5testss_36test_config_custom_rate_limit_window
FNDA:1,_RNvNtNtCsbNrg83LN9s_9captchapi6config5testss_37test_config_rate_limit_default_values
FNDA:1,_RNvNtNtCsbNrg83LN9s_9captchapi6config5testss_38test_config_compression_clamped_to_max
FNDA:1,_RNvNtNtCsbNrg83LN9s_9captchapi6config5testss_38test_config_compression_clamped_to_min
FNDA:1,_RNvNtNtCsbNrg83LN9s_9captchapi6config5testss_38test_config_custom_rate_limit_requests
FNDA:1,_RNvNtNtCsbNrg83LN9s_9captchapi6config5testss_38test_config_invalid_compression_format
FNDA:1,_RNvNtNtCsbNrg83LN9s_9captchapi6config5testss_44test_config_invalid_rate_limit_window_format
FNDA:1,_RNvNtNtCsbNrg83LN9s_9captchapi6config5testss_45test_config_invalid_rate_limit_cleanup_format
FNDA:1,_RNvNtNtCsbNrg83LN9s_9captchapi6config5testss_46test_config_custom_rate_limit_cleanup_interval
FNDA:1,_RNvNtNtCsbNrg83LN9s_9captchapi6config5testss_46test_config_invalid_rate_limit_requests_format
FNDA:242,_RNvXs_NtNtCsbNrg83LN9s_9captchapi6config5testsNtB4_7MockEnvNtB6_11EnvProvider3get
FNDA:1,_RNvMs_NtCsbNrg83LN9s_9captchapi6configNtB4_6Config14server_address
FNDA:23,_RINvMs_NtCsbNrg83LN9s_9captchapi6configNtB5_6Config17from_env_providerNtNtB5_5tests7MockEnvEB7_
FNDA:2,_RNCINvMs_NtCsbNrg83LN9s_9captchapi6configNtB7_6Config17from_env_providerNtNtB7_5tests7MockEnvE0B9_
FNDA:2,_RNCINvMs_NtCsbNrg83LN9s_9captchapi6configNtB7_6Config17from_env_providerNtNtB7_5tests7MockEnvEs1_0B9_
FNDA:2,_RNCINvMs_NtCsbNrg83LN9s_9captchapi6configNtB7_6Config17from_env_providerNtNtB7_5tests7MockEnvEs4_0B9_
FNDA:2,_RNCINvMs_NtCsbNrg83LN9s_9captchapi6configNtB7_6Config17from_env_providerNtNtB7_5tests7MockEnvEs6_0B9_
FNDA:2,_RNCINvMs_NtCsbNrg83LN9s_9captchapi6configNtB7_6Config17from_env_providerNtNtB7_5tests7MockEnvEs8_0B9_
FNDA:2,_RNCINvMs_NtCsbNrg83LN9s_9captchapi6configNtB7_6Config17from_env_providerNtNtB7_5tests7MockEnvEs_0B9_
FNDA:2,_RNCINvMs_NtCsbNrg83LN9s_9captchapi6configNtB7_6Config17from_env_providerNtNtB7_5tests7MockEnvEsa_0B9_
FNDA:2,_RNCINvMs_NtCsbNrg83LN9s_9captchapi6configNtB7_6Config17from_env_providerNtNtB7_5tests7MockEnvEsc_0B9_
FNDA:1,_RNCINvMs_NtCsbNrg83LN9s_9captchapi6configNtB7_6Config17from_env_providerNtNtB7_5tests7MockEnvEsd_0B9_
FNDA:2,_RNCINvMs_NtCsbNrg83LN9s_9captchapi6configNtB7_6Config17from_env_providerNtNtB7_5tests7MockEnvEse_0B9_
FNDA:2,_RNCINvMs_NtCsbNrg83LN9s_9captchapi6configNtB7_6Config17from_env_providerNtNtB7_5tests7MockEnvEsg_0B9_
FNDA:1,_RNCINvMs_NtCsbNrg83LN9s_9captchapi6configNtB7_6Config17from_env_providerNtNtB7_5tests7MockEnvEsh_0B9_
FNDA:2,_RNCINvMs_NtCsbNrg83LN9s_9captchapi6configNtB7_6Config17from_env_providerNtNtB7_5tests7MockEnvEsi_0B9_
FNDA:0,_RNvMs_NtCsbNrg83LN9s_9captchapi6configNtB4_6Config8from_env
FNDA:0,_RNvXNtCsbNrg83LN9s_9captchapi6configNtB2_7RealEnvNtB2_11EnvProvider3get
FNF:44
FNH:42
DA:12,0
DA:13,0
DA:14,0
DA:37,0
DA:38,0
DA:39,0
DA:42,46
DA:44,46
DA:45,46
DA:46,46
DA:47,46
DA:48,46
DA:49,46
DA:50,46
DA:51,46
DA:52,42
DA:53,42
DA:54,42
DA:55,42
DA:56,42
DA:57,42
DA:58,40
DA:59,40
DA:60,40
DA:61,38
DA:62,38
DA:63,38
DA:64,38
DA:65,38
DA:66,36
DA:67,36
DA:68,36
DA:69,36
DA:70,36
DA:71,36
DA:72,36
DA:73,36
DA:74,36
DA:75,36
DA:76,34
DA:77,34
DA:78,34
DA:79,34
DA:80,34
DA:81,34
DA:82,34
DA:83,34
DA:84,34
DA:85,34
DA:86,2
DA:87,2
DA:88,32
DA:89,32
DA:90,32
DA:91,32
DA:92,32
DA:93,30
DA:94,30
DA:95,30
DA:96,30
DA:97,30
DA:98,2
DA:99,2
DA:100,28
DA:101,28
DA:102,28
DA:103,28
DA:104,28
DA:105,26
DA:107,46
DA:109,2
DA:110,2
DA:111,2
DA:125,46
DA:126,46
DA:127,46
DA:128,46
DA:129,46
DA:131,594
DA:132,594
DA:133,594
DA:135,42
DA:136,42
DA:137,42
DA:138,42
DA:139,42
DA:140,42
DA:141,42
DA:142,42
DA:143,42
DA:144,42
DA:145,42
DA:146,42
DA:147,42
DA:148,42
DA:149,42
DA:153,484
DA:154,484
DA:155,484
DA:159,2
DA:160,2
DA:161,2
DA:163,2
DA:164,2
DA:165,2
DA:166,2
DA:167,2
DA:168,2
DA:169,2
DA:170,2
DA:171,2
DA:172,2
DA:173,2
DA:174,2
DA:175,2
DA:176,2
DA:177,2
DA:180,2
DA:181,2
DA:182,2
DA:183,2
DA:185,2
DA:186,2
DA:187,2
DA:188,2
DA:191,2
DA:192,2
DA:193,2
DA:194,2
DA:196,2
DA:197,2
DA:198,2
DA:199,2
DA:202,2
DA:203,2
DA:204,2
DA:205,2
DA:207,2
DA:208,2
DA:209,2
DA:210,2
DA:213,2
DA:214,2
DA:215,2
DA:216,2
DA:218,2
DA:219,2
DA:220,2
DA:221,2
DA:224,2
DA:225,2
DA:226,2
DA:227,2
DA:229,2
DA:230,2
DA:231,2
DA:232,2
DA:233,2
DA:234,2
DA:237,2
DA:238,2
DA:239,2
DA:240,2
DA:242,2
DA:243,2
DA:244,2
DA:245,2
DA:246,2
DA:247,2
DA:250,2
DA:251,2
DA:253,2
DA:254,2
DA:256,2
DA:257,2
DA:258,2
DA:259,2
DA:260,2
DA:261,2
DA:262,2
DA:263,2
DA:264,2
DA:265,2
DA:268,2
DA:269,2
DA:270,2
DA:271,2
DA:272,2
DA:274,2
DA:275,2
DA:276,2
DA:279,2
DA:280,2
DA:281,2
DA:282,2
DA:284,2
DA:285,2
DA:286,2
DA:289,2
DA:290,2
DA:291,2
DA:292,2
DA:294,2
DA:295,2
DA:296,2
DA:299,2
DA:300,2
DA:301,2
DA:302,2
DA:303,2
DA:305,2
DA:306,2
DA:307,2
DA:308,2
DA:311,2
DA:312,2
DA:313,2
DA:314,2
DA:316,2
DA:317,2
DA:318,2
DA:321,2
DA:322,2
DA:323,2
DA:324,2
DA:326,2
DA:327,2
DA:328,2
DA:331,2
DA:332,2
DA:333,2
DA:334,2
DA:336,2
DA:337,2
DA:338,2
DA:341,2
DA:342,2
DA:343,2
DA:344,2
DA:346,2
DA:347,2
DA:348,2
DA:349,2
DA:352,2
DA:353,2
DA:354,2
DA:355,2
DA:357,2
DA:358,2
DA:359,2
DA:362,2
DA:363,2
DA:364,2
DA:365,2
DA:367,2
DA:368,2
DA:369,2
DA:372,2
DA:373,2
DA:374,2
DA:375,2
DA:377,2
DA:378,2
DA:379,2
DA:382,2
DA:383,2
DA:384,2
DA:385,2
DA:387,2
DA:388,2
DA:389,2
DA:390,2
DA:391,2
DA:392,2
DA:395,2
DA:396,2
DA:397,2
DA:398,2
DA:400,2
DA:401,2
DA:402,2
DA:403,2
DA:404,2
DA:405,2
DA:408,2
DA:409,2
DA:410,2
DA:411,2
DA:413,2
DA:414,2
DA:415,2
DA:416,2
DA:417,2
DA:418,2
DA:421,2
DA:422,2
DA:424,2
DA:425,2
DA:427,2
DA:428,2
DA:429,2
DA:430,2
DA:431,2
BRF:0
BRH:0
LF:318
LH:312
end_of_record
SF:/home/user/captchapi/src/error.rs
FN:39,_RNvXNtCs49FsUT9Vps1_9captchapi5errorNtB2_8AppErrorNtNtNtCs5Fq8Ioc7m6k_9axum_core8response13into_response12IntoResponse13into_response
FN:39,_RNvXNtCsdjy7lWocQMd_9captchapi5errorNtB2_8AppErrorNtNtNtCs5Fq8Ioc7m6k_9axum_core8response13into_response12IntoResponse13into_response
FN:39,_RNvXNtCsfUeyVvfnc3w_9captchapi5errorNtB2_8AppErrorNtNtNtCs5Fq8Ioc7m6k_9axum_core8response13into_response12IntoResponse13into_response
FN:253,_RNCNvNtNtCsfUeyVvfnc3w_9captchapi5error5tests17extract_body_json0B7_
FN:249,_RNvNtNtCsfUeyVvfnc3w_9captchapi5error5tests17extract_body_json
FN:191,_RNvNtNtCsfUeyVvfnc3w_9captchapi5error5testss_28test_unauthorized_error_code
FN:129,_RNvNtNtCsfUeyVvfnc3w_9captchapi5error5testss_29test_unauthorized_status_code
FN:201,_RNvNtNtCsfUeyVvfnc3w_9captchapi5error5testss_30test_invalid_params_error_code
FN:150,_RNvNtNtCsfUeyVvfnc3w_9captchapi5error5testss_31test_database_error_status_code
FN:164,_RNvNtNtCsfUeyVvfnc3w_9captchapi5error5testss_31test_internal_error_status_code
FN:136,_RNvNtNtCsfUeyVvfnc3w_9captchapi5error5testss_31test_invalid_params_status_code
FN:181,_RNvNtNtCsfUeyVvfnc3w_9captchapi5error5testss_33test_api_key_not_found_error_code
FN:171,_RNvNtNtCsfUeyVvfnc3w_9captchapi5error5testss_33test_session_not_found_error_code
FN:122,_RNvNtNtCsfUeyVvfnc3w_9captchapi5error5testss_34test_api_key_not_found_status_code
FN:115,_RNvNtNtCsfUeyVvfnc3w_9captchapi5error5testss_34test_session_not_found_status_code
FN:157,_RNvNtNtCsfUeyVvfnc3w_9captchapi5error5testss_35test_captcha_generation_status_code
FN:211,_RNvNtNtCsfUeyVvfnc3w_9captchapi5error5testss_38test_invalid_api_key_params_error_code
FN:143,_RNvNtNtCsfUeyVvfnc3w_9captchapi5error5testss_39test_invalid_api_key_params_status_code
FN:221,_RNvNtNtCsfUeyVvfnc3w_9captchapi5error5testss_43test_database_error_returns_generic_message
FN:237,_RNvNtNtCsfUeyVvfnc3w_9captchapi5error5testss_43test_internal_error_returns_generic_message
FN:39,_RNvXNtCsbNrg83LN9s_9captchapi5errorNtB2_8AppErrorNtNtNtCs5Fq8Ioc7m6k_9axum_core8response13into_response12IntoResponse13into_response
FN:253,_RNCNvNtNtCsbNrg83LN9s_9captchapi5error5tests17extract_body_json0B7_
FN:249,_RNvNtNtCsbNrg83LN9s_9captchapi5error5tests17extract_body_json
FN:191,_RNvNtNtCsbNrg83LN9s_9captchapi5error5testss_28test_unauthorized_error_code
FN:129,_RNvNtNtCsbNrg83LN9s_9captchapi5error5testss_29test_unauthorized_status_code
FN:201,_RNvNtNtCsbNrg83LN9s_9captchapi5error5testss_30test_invalid_params_error_code
FN:150,_RNvNtNtCsbNrg83LN9s_9captchapi5error5testss_31test_database_error_status_code
FN:164,_RNvNtNtCsbNrg83LN9s_9captchapi5error5testss_31test_internal_error_status_code
FN:136,_RNvNtNtCsbNrg83LN9s_9captchapi5error5testss_31test_invalid_params_status_code
FN:181,_RNvNtNtCsbNrg83LN9s_9captchapi5error5testss_33test_api_key_not_found_error_code
FN:171,_RNvNtNtCsbNrg83LN9s_9captchapi5error5testss_33test_session_not_found_error_code
FN:122,_RNvNtNtCsbNrg83LN9s_9captchapi5error5testss_34test_api_key_not_found_status_code
FN:115,_RNvNtNtCsbNrg83LN9s_9captchapi5error5testss_34test_session_not_found_status_code
FN:157,_RNvNtNtCsbNrg83LN9s_9captchapi5error5testss_35test_captcha_generation_status_code
FN:211,_RNvNtNtCsbNrg83LN9s_9captchapi5error5testss_38test_invalid_api_key_params_error_code
FN:143,_RNvNtNtCsbNrg83LN9s_9captchapi5error5testss_39test_invalid_api_key_params_status_code
FN:221,_RNvNtNtCsbNrg83LN9s_9captchapi5error5testss_43test_database_error_returns_generic_message
FN:237,_RNvNtNtCsbNrg83LN9s_9captchapi5error5testss_43test_internal_error_returns_generic_message
FNDA:0,_RNvXNtCs49FsUT9Vps1_9captchapi5errorNtB2_8AppErrorNtNtNtCs5Fq8Ioc7m6k_9axum_core8response13into_response12IntoResponse13into_response
FNDA:35,_RNvXNtCsdjy7lWocQMd_9captchapi5errorNtB2_8AppErrorNtNtNtCs5Fq8Ioc7m6k_9axum_core8response13into_response12IntoResponse13into_response
FNDA:15,_RNvXNtCsfUeyVvfnc3w_9captchapi5errorNtB2_8AppErrorNtNtNtCs5Fq8Ioc7m6k_9axum_core8response13into_response12IntoResponse13into_response
FNDA:7,_RNCNvNtNtCsfUeyVvfnc3w_9captchapi5error5tests17extract_body_json0B7_
FNDA:7,_RNvNtNtCsfUeyVvfnc3w_9captchapi5error5tests17extract_body_json
FNDA:1,_RNvNtNtCsfUeyVvfnc3w_9captchapi5error5testss_28test_unauthorized_error_code
FNDA:1,_RNvNtNtCsfUeyVvfnc3w_9captchapi5error5testss_29test_unauthorized_status_code
FNDA:1,_RNvNtNtCsfUeyVvfnc3w_9captchapi5error5testss_30test_invalid_params_error_code
FNDA:1,_RNvNtNtCsfUeyVvfnc3w_9captchapi5error5testss_31test_database_error_status_code
FNDA:1,_RNvNtNtCsfUeyVvfnc3w_9captchapi5error5testss_31test_internal_error_status_code
FNDA:1,_RNvNtNtCsfUeyVvfnc3w_9captchapi5error5testss_31test_invalid_params_status_code
FNDA:1,_RNvNtNtCsfUeyVvfnc3w_9captchapi5error5testss_33test_api_key_not_found_error_code
FNDA:1,_RNvNtNtCsfUeyVvfnc3w_9captchapi5error5testss_33test_session_not_found_error_code
FNDA:1,_RNvNtNtCsfUeyVvfnc3w_9captchapi5error5testss_34test_api_key_not_found_status_code
FNDA:1,_RNvNtNtCsfUeyVvfnc3w_9captchapi5error5testss_34test_session_not_found_status_code
FNDA:1,_RNvNtNtCsfUeyVvfnc3w_9captchapi5error5testss_35test_captcha_generation_status_code
FNDA:1,_RNvNtNtCsfUeyVvfnc3w_9captchapi5error5testss_38test_invalid_api_key_params_error_code
FNDA:1,_RNvNtNtCsfUeyVvfnc3w_9captchapi5error5testss_39test_invalid_api_key_params_status_code
FNDA:1,_RNvNtNtCsfUeyVvfnc3w_9captchapi5error5testss_43test_database_error_returns_generic_message
FNDA:1,_RNvNtNtCsfUeyVvfnc3w_9captchapi5error5testss_43test_internal_error_returns_generic_message
FNDA:15,_RNvXNtCsbNrg83LN9s_9captchapi5errorNtB2_8AppErrorNtNtNtCs5Fq8Ioc7m6k_9axum_core8response13into_response12IntoResponse13into_response
FNDA:7,_RNCNvNtNtCsbNrg83LN9s_9captchapi5error5tests17extract_body_json0B7_
FNDA:7,_RNvNtNtCsbNrg83LN9s_9captchapi5error5tests17extract_body_json
FNDA:1,_RNvNtNtCsbNrg83LN9s_9captchapi5error5testss_28test_unauthorized_error_code
FNDA:1,_RNvNtNtCsbNrg83LN9s_9captchapi5error5testss_29test_unauthorized_status_code
FNDA:1,_RNvNtNtCsbNrg83LN9s_9captchapi5error5testss_30test_invalid_params_error_code
FNDA:1,_RNvNtNtCsbNrg83LN9s_9captchapi5error5testss_31test_database_error_status_code
FNDA:1,_RNvNtNtCsbNrg83LN9s_9captchapi5error5testss_31test_internal_error_status_code
FNDA:1,_RNvNtNtCsbNrg83LN9s_9captchapi5error5testss_31test_invalid_params_status_code
FNDA:1,_RNvNtNtCsbNrg83LN9s_9captchapi5error5testss_33test_api_key_not_found_error_code
FNDA:1,_RNvNtNtCsbNrg83LN9s_9captchapi5error5testss_33test_session_not_found_error_code
FNDA:1,_RNvNtNtCsbNrg83LN9s_9captchapi5error5testss_34test_api_key_not_found_status_code
FNDA:1,_RNvNtNtCsbNrg83LN9s_9captchapi5error5testss_34test_session_not_found_status_code
FNDA:1,_RNvNtNtCsbNrg83LN9s_9captchapi5error5testss_35test_captcha_generation_status_code
FNDA:1,_RNvNtNtCsbNrg83LN9s_9captchapi5error5testss_38test_invalid_api_key_params_error_code
FNDA:1,_RNvNtNtCsbNrg83LN9s_9captchapi5error5testss_39test_invalid_api_key_params_status_code
FNDA:1,_RNvNtNtCsbNrg83LN9s_9captchapi5error5testss_43test_database_error_returns_generic_message
FNDA:1,_RNvNtNtCsbNrg83LN9s_9captchapi5error5testss_43test_internal_error_returns_generic_message
FNF:18
FNH:18
DA:39,65
DA:42,65
DA:44,65
DA:45,4
DA:46,4
DA:48,4
DA:49,4
DA:50,4
DA:51,4
DA:52,4
DA:53,4
DA:55,16
DA:56,16
DA:57,16
DA:58,16
DA:59,16
DA:60,6
DA:61,6
DA:62,6
DA:63,6
DA:64,6
DA:65,9
DA:66,9
DA:68,4
DA:69,4
DA:70,4
DA:71,4
DA:72,4
DA:73,20
DA:74,20
DA:76,2
DA:77,2
DA:78,2
DA:79,2
DA:80,2
DA:81,2
DA:82,2
DA:84,4
DA:85,4
DA:86,4
DA:87,4
DA:88,4
DA:89,4
DA:90,4
DA:95,65
DA:96,65
DA:97,65
DA:99,65
DA:100,65
DA:101,65
DA:102,65
DA:104,65
DA:105,65
DA:115,2
DA:116,2
DA:117,2
DA:118,2
DA:119,2
DA:122,2
DA:123,2
DA:124,2
DA:125,2
DA:126,2
DA:129,2
DA:130,2
DA:131,2
DA:132,2
DA:133,2
DA:136,2
DA:137,2
DA:138,2
DA:139,2
DA:140,2
DA:143,2
DA:144,2
DA:145,2
DA:146,2
DA:147,2
DA:150,2
DA:151,2
DA:152,2
DA:153,2
DA:154,2
DA:157,2
DA:158,2
DA:159,2
DA:160,2
DA:161,2
DA:164,2
DA:165,2
DA:166,2
DA:167,2
DA:168,2
DA:171,2
DA:172,2
DA:173,2
DA:174,2
DA:176,2
DA:177,2
DA:178,2
DA:181,2
DA:182,2
DA:183,2
DA:184,2
DA:186,2
DA:187,2
DA:188,2
DA:191,2
DA:192,2
DA:193,2
DA:194,2
DA:196,2
DA:197,2
DA:198,2
DA:201,2
DA:202,2
DA:203,2
DA:204,2
DA:206,2
DA:207,2
DA:208,2
DA:211,2
DA:212,2
DA:213,2
DA:214,2
DA:216,2
DA:217,2
DA:218,2
DA:221,2
DA:222,2
DA:223,2
DA:224,2
DA:226,2
DA:227,2
DA:229,2
DA:230,2
DA:231,2
DA:232,2
DA:233,2
DA:234,2
DA:237,2
DA:238,2
DA:239,2
DA:240,2
DA:242,2
DA:243,2
DA:245,2
DA:246,2
DA:249,14
DA:252,14
DA:253,14
DA:254,14
DA:255,14
DA:256,14
DA:257,14
DA:259,14
DA:260,14
BRF:0
BRH:0
LF:158
LH:158
end_of_record
SF:/home/user/captchapi/src/main.rs
FN:50,_RNCNCNvCs49FsUT9Vps1_9captchapi4main00B5_
FN:70,_RNCNCNvCs49FsUT9Vps1_9captchapi4main0s0_0B5_
FN:62,_RNCNCNvCs49FsUT9Vps1_9captchapi4main0s_0B5_
FN:31,_RNCNvCs49FsUT9Vps1_9captchapi4main0B3_
FN:31,_RNvCs49FsUT9Vps1_9captchapi4main
FN:50,_RNCNCNvCsfUeyVvfnc3w_9captchapi4main00B5_
FN:70,_RNCNCNvCsfUeyVvfnc3w_9captchapi4main0s0_0B5_
FN:62,_RNCNCNvCsfUeyVvfnc3w_9captchapi4main0s_0B5_
FN:31,_RNCNvCsfUeyVvfnc3w_9captchapi4main0B3_
FN:31,_RNvCsfUeyVvfnc3w_9captchapi4main
FNDA:0,_RNCNCNvCs49FsUT9Vps1_9captchapi4main00B5_
FNDA:0,_RNCNCNvCs49FsUT9Vps1_9captchapi4main0s0_0B5_
FNDA:0,_RNCNCNvCs49FsUT9Vps1_9captchapi4main0s_0B5_
FNDA:0,_RNCNvCs49FsUT9Vps1_9captchapi4main0B3_
FNDA:0,_RNvCs49FsUT9Vps1_9captchapi4main
FNDA:0,_RNCNCNvCsfUeyVvfnc3w_9captchapi4main00B5_
FNDA:0,_RNCNCNvCsfUeyVvfnc3w_9captchapi4main0s0_0B5_
FNDA:0,_RNCNCNvCsfUeyVvfnc3w_9captchapi4main0s_0B5_
FNDA:0,_RNCNvCsfUeyVvfnc3w_9captchapi4main0B3_
FNDA:0,_RNvCsfUeyVvfnc3w_9captchapi4main
FNF:5
FNH:0
DA:31,0
DA:33,0
DA:36,0
DA:39,0
DA:41,0
DA:44,0
DA:47,0
DA:48,0
DA:49,0
DA:50,0
DA:52,0
DA:53,0
DA:54,0
DA:56,0
DA:59,0
DA:60,0
DA:61,0
DA:62,0
DA:64,0
DA:65,0
DA:67,0
DA:70,0
DA:72,0
DA:73,0
DA:74,0
DA:75,0
DA:76,0
DA:80,0
DA:81,0
DA:82,0
DA:83,0
DA:84,0
DA:85,0
DA:88,0
DA:89,0
DA:90,0
DA:91,0
DA:92,0
DA:93,0
DA:94,0
DA:95,0
DA:97,0
DA:100,0
DA:101,0
DA:104,0
DA:105,0
DA:106,0
DA:107,0
DA:108,0
DA:109,0
DA:111,0
DA:112,0
DA:113,0
DA:114,0
DA:118,0
DA:119,0
DA:122,0
DA:123,0
DA:124,0
DA:125,0
DA:127,0
DA:128,0
DA:129,0
DA:132,0
DA:133,0
DA:134,0
DA:136,0
DA:137,0
DA:138,0
DA:142,0
DA:143,0
DA:144,0
DA:145,0
DA:146,0
DA:147,0
DA:150,0
DA:151,0
DA:152,0
DA:153,0
DA:154,0
DA:155,0
DA:157,0
DA:158,0
DA:159,0
DA:160,0
DA:161,0
DA:163,0
DA:164,0
DA:165,0
DA:166,0
DA:169,0
DA:170,0
DA:171,0
DA:172,0
DA:173,0
DA:174,0
DA:176,0
DA:177,0
DA:178,0
DA:180,0
DA:181,0
DA:182,0
DA:184,0
DA:185,0
DA:186,0
DA:187,0
DA:192,0
DA:194,0
DA:197,0
DA:198,0
DA:199,0
DA:200,0
DA:201,0
DA:204,0
DA:205,0
DA:206,0
DA:208,0
DA:210,0
DA:211,0
BRF:0
BRH:0
LF:124
LH:0
end_of_record
SF:/home/user/captchapi/src/metrics.rs
FN:226,_RNvXs5_NtCs49FsUT9Vps1_9captchapi7metricsNtB5_7MetricsNtNtCs5GmCzIpY9Qj_4core7default7Default7default
FN:75,_RNvMNtCs49FsUT9Vps1_9captchapi7metricsNtB2_14SessionMetrics3new
FN:152,_RNvMs0_NtCs49FsUT9Vps1_9captchapi7metricsNtB5_18PerformanceMetrics3new
FN:168,_RNvMs1_NtCs49FsUT9Vps1_9captchapi7metricsNtB5_12ErrorMetrics3new
FN:184,_RNvMs2_NtCs49FsUT9Vps1_9captchapi7metricsNtB5_16RateLimitMetrics3new
FN:200,_RNvMs3_NtCs49FsUT9Vps1_9captchapi7metricsNtB5_13SystemMetrics3new
FN:211,_RNvMs4_NtCs49FsUT9Vps1_9captchapi7metricsNtB5_7Metrics3new
FN:116,_RNvMs_NtCs49FsUT9Vps1_9captchapi7metricsNtB4_13ApiKeyMetrics3new
FN:232,_RNvNtCs49FsUT9Vps1_9captchapi7metrics12init_metrics
FN:75,_RNvMNtCsdjy7lWocQMd_9captchapi7metricsNtB2_14SessionMetrics3new
FN:152,_RNvMs0_NtCsdjy7lWocQMd_9captchapi7metricsNtB5_18PerformanceMetrics3new
FN:168,_RNvMs1_NtCsdjy7lWocQMd_9captchapi7metricsNtB5_12ErrorMetrics3new
FN:184,_RNvMs2_NtCsdjy7lWocQMd_9captchapi7metricsNtB5_16RateLimitMetrics3new
FN:200,_RNvMs3_NtCsdjy7lWocQMd_9captchapi7metricsNtB5_13SystemMetrics3new
FN:211,_RNvMs4_NtCsdjy7lWocQMd_9captchapi7metricsNtB5_7Metrics3new
FN:116,_RNvMs_NtCsdjy7lWocQMd_9captchapi7metricsNtB4_13ApiKeyMetrics3new
FN:232,_RNvNtCsdjy7lWocQMd_9captchapi7metrics12init_metrics
FN:226,_RNvXs5_NtCsdjy7lWocQMd_9captchapi7metricsNtB5_7MetricsNtNtCs5GmCzIpY9Qj_4core7default7Default7default
FN:241,_RNvNtNtCsfUeyVvfnc3w_9captchapi7metrics5testss_16test_metrics_new
FN:255,_RNvNtNtCsfUeyVvfnc3w_9captchapi7metrics5testss_17test_init_metrics
FN:325,_RNvNtNtCsfUeyVvfnc3w_9captchapi7metrics5testss_18test_error_metrics
FN:262,_RNvNtNtCsfUeyVvfnc3w_9captchapi7metrics5testss_18test_metrics_clone
FN:341,_RNvNtNtCsfUeyVvfnc3w_9captchapi7metrics5testss_19test_system_metrics
FN:248,_RNvNtNtCsfUeyVvfnc3w_9captchapi7metrics5testss_20test_metrics_default
FN:366,_RNvNtNtCsfUeyVvfnc3w_9captchapi7metrics5testss_22test_counter_with_zero
FN:333,_RNvNtNtCsfUeyVvfnc3w_9captchapi7metrics5testss_23test_rate_limit_metrics
FN:289,_RNvNtNtCsfUeyVvfnc3w_9captchapi7metrics5testss_25test_all_api_key_counters
FN:271,_RNvNtNtCsfUeyVvfnc3w_9captchapi7metrics5testss_25test_all_session_counters
FN:384,_RNvNtNtCsfUeyVvfnc3w_9captchapi7metrics5testss_27test_all_metrics_accessible
FN:306,_RNvNtNtCsfUeyVvfnc3w_9captchapi7metrics5testss_27test_performance_histograms
FN:375,_RNvNtNtCsfUeyVvfnc3w_9captchapi7metrics5testss_30test_counter_with_large_values
FN:348,_RNvNtNtCsfUeyVvfnc3w_9captchapi7metrics5testss_34test_concurrent_counter_increments
FN:75,_RNvMNtCsfUeyVvfnc3w_9captchapi7metricsNtB2_14SessionMetrics3new
FN:152,_RNvMs0_NtCsfUeyVvfnc3w_9captchapi7metricsNtB5_18PerformanceMetrics3new
FN:168,_RNvMs1_NtCsfUeyVvfnc3w_9captchapi7metricsNtB5_12ErrorMetrics3new
FN:184,_RNvMs2_NtCsfUeyVvfnc3w_9captchapi7metricsNtB5_16RateLimitMetrics3new
FN:200,_RNvMs3_NtCsfUeyVvfnc3w_9captchapi7metricsNtB5_13SystemMetrics3new
FN:211,_RNvMs4_NtCsfUeyVvfnc3w_9captchapi7metricsNtB5_7Metrics3new
FN:116,_RNvMs_NtCsfUeyVvfnc3w_9captchapi7metricsNtB4_13ApiKeyMetrics3new
FN:232,_RNvNtCsfUeyVvfnc3w_9captchapi7metrics12init_metrics
FN:226,_RNvXs5_NtCsfUeyVvfnc3w_9captchapi7metricsNtB5_7MetricsNtNtCs5GmCzIpY9Qj_4core7default7Default7default
FN:241,_RNvNtNtCsbNrg83LN9s_9captchapi7metrics5testss_16test_metrics_new
FN:255,_RNvNtNtCsbNrg83LN9s_9captchapi7metrics5testss_17test_init_metrics
FN:325,_RNvNtNtCsbNrg83LN9s_9captchapi7metrics5testss_18test_error_metrics
FN:262,_RNvNtNtCsbNrg83LN9s_9captchapi7metrics5testss_18test_metrics_clone
FN:341,_RNvNtNtCsbNrg83LN9s_9captchapi7metrics5testss_19test_system_metrics
FN:248,_RNvNtNtCsbNrg83LN9s_9captchapi7metrics5testss_20test_metrics_default
FN:366,_RNvNtNtCsbNrg83LN9s_9captchapi7metrics5testss_22test_counter_with_zero
FN:333,_RNvNtNtCsbNrg83LN9s_9captchapi7metrics5testss_23test_rate_limit_metrics
FN:289,_RNvNtNtCsbNrg83LN9s_9captchapi7metrics5testss_25test_all_api_key_counters
FN:271,_RNvNtNtCsbNrg83LN9s_9captchapi7metrics5testss_25test_all_session_counters
FN:384,_RNvNtNtCsbNrg83LN9s_9captchapi7metrics5testss_27test_all_metrics_accessible
FN:306,_RNvNtNtCsbNrg83LN9s_9captchapi7metrics5testss_27test_performance_histograms
FN:375,_RNvNtNtCsbNrg83LN9s_9captchapi7metrics5testss_30test_counter_with_large_values
FN:348,_RNvNtNtCsbNrg83LN9s_9captchapi7metrics5testss_34test_concurrent_counter_increments
FN:75,_RNvMNtCsbNrg83LN9s_9captchapi7metricsNtB2_14SessionMetrics3new
FN:152,_RNvMs0_NtCsbNrg83LN9s_9captchapi7metricsNtB5_18PerformanceMetrics3new
FN:168,_RNvMs1_NtCsbNrg83LN9s_9captchapi7metricsNtB5_12ErrorMetrics3new
FN:184,_RNvMs2_NtCsbNrg83LN9s_9captchapi7metricsNtB5_16RateLimitMetrics3new
FN:200,_RNvMs3_NtCsbNrg83LN9s_9captchapi7metricsNtB5_13SystemMetrics3new
FN:211,_RNvMs4_NtCsbNrg83LN9s_9captchapi7metricsNtB5_7Metrics3new
FN:116,_RNvMs_NtCsbNrg83LN9s_9captchapi7metricsNtB4_13ApiKeyMetrics3new
FN:232,_RNvNtCsbNrg83LN9s_9captchapi7metrics12init_metrics
FN:226,_RNvXs5_NtCsbNrg83LN9s_9captchapi7metricsNtB5_7MetricsNtNtCs5GmCzIpY9Qj_4core7default7Default7default
FNDA:0,_RNvXs5_NtCs49FsUT9Vps1_9captchapi7metricsNtB5_7MetricsNtNtCs5GmCzIpY9Qj_4core7default7Default7default
FNDA:0,_RNvMNtCs49FsUT9Vps1_9captchapi7metricsNtB2_14SessionMetrics3new
FNDA:0,_RNvMs0_NtCs49FsUT9Vps1_9captchapi7metricsNtB5_18PerformanceMetrics3new
FNDA:0,_RNvMs1_NtCs49FsUT9Vps1_9captchapi7metricsNtB5_12ErrorMetrics3new
FNDA:0,_RNvMs2_NtCs49FsUT9Vps1_9captchapi7metricsNtB5_16RateLimitMetrics3new
FNDA:0,_RNvMs3_NtCs49FsUT9Vps1_9captchapi7metricsNtB5_13SystemMetrics3new
FNDA:0,_RNvMs4_NtCs49FsUT9Vps1_9captchapi7metricsNtB5_7Metrics3new
FNDA:0,_RNvMs_NtCs49FsUT9Vps1_9captchapi7metricsNtB4_13ApiKeyMetrics3new
FNDA:0,_RNvNtCs49FsUT9Vps1_9captchapi7metrics12init_metrics
FNDA:91,_RNvMNtCsdjy7lWocQMd_9captchapi7metricsNtB2_14SessionMetrics3new
FNDA:91,_RNvMs0_NtCsdjy7lWocQMd_9captchapi7metricsNtB5_18PerformanceMetrics3new
FNDA:91,_RNvMs1_NtCsdjy7lWocQMd_9captchapi7metricsNtB5_12ErrorMetrics3new
FNDA:91,_RNvMs2_NtCsdjy7lWocQMd_9captchapi7metricsNtB5_16RateLimitMetrics3new
FNDA:91,_RNvMs3_NtCsdjy7lWocQMd_9captchapi7metricsNtB5_13SystemMetrics3new
FNDA:91,_RNvMs4_NtCsdjy7lWocQMd_9captchapi7metricsNtB5_7Metrics3new
FNDA:91,_RNvMs_NtCsdjy7lWocQMd_9captchapi7metricsNtB4_13ApiKeyMetrics3new
FNDA:0,_RNvNtCsdjy7lWocQMd_9captchapi7metrics12init_metrics
FNDA:0,_RNvXs5_NtCsdjy7lWocQMd_9captchapi7metricsNtB5_7MetricsNtNtCs5GmCzIpY9Qj_4core7default7Default7default
FNDA:1,_RNvNtNtCsfUeyVvfnc3w_9captchapi7metrics5testss_16test_metrics_new
FNDA:1,_RNvNtNtCsfUeyVvfnc3w_9captchapi7metrics5testss_17test_init_metrics
FNDA:1,_RNvNtNtCsfUeyVvfnc3w_9captchapi7metrics5testss_18test_error_metrics
FNDA:1,_RNvNtNtCsfUeyVvfnc3w_9captchapi7metrics5testss_18test_metrics_clone
FNDA:1,_RNvNtNtCsfUeyVvfnc3w_9captchapi7metrics5testss_19test_system_metrics
FNDA:1,_RNvNtNtCsfUeyVvfnc3w_9captchapi7metrics5testss_20test_metrics_default
FNDA:1,_RNvNtNtCsfUeyVvfnc3w_9captchapi7metrics5testss_22test_counter_with_zero
FNDA:1,_RNvNtNtCsfUeyVvfnc3w_9captchapi7metrics5testss_23test_rate_limit_metrics
FNDA:1,_RNvNtNtCsfUeyVvfnc3w_9captchapi7metrics5testss_25test_all_api_key_counters
FNDA:1,_RNvNtNtCsfUeyVvfnc3w_9captchapi7metrics5testss_25test_all_session_counters
FNDA:1,_RNvNtNtCsfUeyVvfnc3w_9captchapi7metrics5testss_27test_all_metrics_accessible
FNDA:1,_RNvNtNtCsfUeyVvfnc3w_9captchapi7metrics5testss_27test_performance_histograms
FNDA:1,_RNvNtNtCsfUeyVvfnc3w_9captchapi7metrics5testss_30test_counter_with_large_values
FNDA:1,_RNvNtNtCsfUeyVvfnc3w_9captchapi7metrics5testss_34test_concurrent_counter_increments
FNDA:45,_RNvMNtCsfUeyVvfnc3w_9captchapi7metricsNtB2_14SessionMetrics3new
FNDA:45,_RNvMs0_NtCsfUeyVvfnc3w_9captchapi7metricsNtB5_18PerformanceMetrics3new
FNDA:45,_RNvMs1_NtCsfUeyVvfnc3w_9captchapi7metricsNtB5_12ErrorMetrics3new
FNDA:45,_RNvMs2_NtCsfUeyVvfnc3w_9captchapi7metricsNtB5_16RateLimitMetrics3new
FNDA:45,_RNvMs3_NtCsfUeyVvfnc3w_9captchapi7metricsNtB5_13SystemMetrics3new
FNDA:45,_RNvMs4_NtCsfUeyVvfnc3w_9captchapi7metricsNtB5_7Metrics3new
FNDA:45,_RNvMs_NtCsfUeyVvfnc3w_9captchapi7metricsNtB4_13ApiKeyMetrics3new
FNDA:11,_RNvNtCsfUeyVvfnc3w_9captchapi7metrics12init_metrics
FNDA:1,_RNvXs5_NtCsfUeyVvfnc3w_9captchapi7metricsNtB5_7MetricsNtNtCs5GmCzIpY9Qj_4core7default7Default7default
FNDA:1,_RNvNtNtCsbNrg83LN9s_9captchapi7metrics5testss_16test_metrics_new
FNDA:1,_RNvNtNtCsbNrg83LN9s_9captchapi7metrics5testss_17test_init_metrics
FNDA:1,_RNvNtNtCsbNrg83LN9s_9captchapi7metrics5testss_18test_error_metrics
FNDA:1,_RNvNtNtCsbNrg83LN9s_9captchapi7metrics5testss_18test_metrics_clone
FNDA:1,_RNvNtNtCsbNrg83LN9s_9captchapi7metrics5testss_19test_system_metrics
FNDA:1,_RNvNtNtCsbNrg83LN9s_9captchapi7metrics5testss_20test_metrics_default
FNDA:1,_RNvNtNtCsbNrg83LN9s_9captchapi7metrics5testss_22test_counter_with_zero
FNDA:1,_RNvNtNtCsbNrg83LN9s_9captchapi7metrics5testss_23test_rate_limit_metrics
FNDA:1,_RNvNtNtCsbNrg83LN9s_9captchapi7metrics5testss_25test_all_api_key_counters
FNDA:1,_RNvNtNtCsbNrg83LN9s_9captchapi7metrics5testss_25test_all_session_counters
FNDA:1,_RNvNtNtCsbNrg83LN9s_9captchapi7metrics5testss_27test_all_metrics_accessible
FNDA:1,_RNvNtNtCsbNrg83LN9s_9captchapi7metrics5testss_27test_performance_histograms
FNDA:1,_RNvNtNtCsbNrg83LN9s_9captchapi7metrics5testss_30test_counter_with_large_values
FNDA:1,_RNvNtNtCsbNrg83LN9s_9captchapi7metrics5testss_34test_concurrent_counter_increments
FNDA:45,_RNvMNtCsbNrg83LN9s_9captchapi7metricsNtB2_14SessionMetrics3new
FNDA:45,_RNvMs0_NtCsbNrg83LN9s_9captchapi7metricsNtB5_18PerformanceMetrics3new
FNDA:45,_RNvMs1_NtCsbNrg83LN9s_9captchapi7metricsNtB5_12ErrorMetrics3new
FNDA:45,_RNvMs2_NtCsbNrg83LN9s_9captchapi7metricsNtB5_16RateLimitMetrics3new
FNDA:45,_RNvMs3_NtCsbNrg83LN9s_9captchapi7metricsNtB5_13SystemMetrics3new
FNDA:45,_RNvMs4_NtCsbNrg83LN9s_9captchapi7metricsNtB5_7Metrics3new
FNDA:45,_RNvMs_NtCsbNrg83LN9s_9captchapi7metricsNtB4_13ApiKeyMetrics3new
FNDA:11,_RNvNtCsbNrg83LN9s_9captchapi7metrics12init_metrics
FNDA:1,_RNvXs5_NtCsbNrg83LN9s_9captchapi7metricsNtB5_7MetricsNtNtCs5GmCzIpY9Qj_4core7default7Default7default
FNF:23
FNH:23
DA:75,181
DA:76,181
DA:77,181
DA:78,181
DA:79,181
DA:80,181
DA:81,181
DA:82,181
DA:83,181
DA:84,181
DA:85,181
DA:86,181
DA:87,181
DA:88,181
DA:89,181
DA:90,181
DA:91,181
DA:92,181
DA:93,181
DA:94,181
DA:95,181
DA:96,181
DA:97,181
DA:98,181
DA:99,181
DA:100,181
DA:101,181
DA:102,181
DA:103,181
DA:104,181
DA:105,181
DA:106,181
DA:107,181
DA:108,181
DA:109,181
DA:110,181
DA:111,181
DA:112,181
DA:116,181
DA:117,181
DA:118,181
DA:119,181
DA:120,181
DA:121,181
DA:122,181
DA:123,181
DA:124,181
DA:125,181
DA:126,181
DA:127,181
DA:128,181
DA:129,181
DA:130,181
DA:131,181
DA:132,181
DA:133,181
DA:134,181
DA:135,181
DA:136,181
DA:137,181
DA:138,181
DA:139,181
DA:140,181
DA:141,181
DA:142,181
DA:143,181
DA:144,181
DA:145,181
DA:146,181
DA:147,181
DA:148,181
DA:152,181
DA:153,181
DA:154,181
DA:155,181
DA:156,181
DA:157,181
DA:158,181
DA:159,181
DA:160,181
DA:161,181
DA:162,181
DA:163,181
DA:164,181
DA:168,181
DA:169,181
DA:170,181
DA:171,181
DA:172,181
DA:173,181
DA:174,181
DA:175,181
DA:176,181
DA:177,181
DA:178,181
DA:179,181
DA:180,181
DA:184,181
DA:185,181
DA:186,181
DA:187,181
DA:188,181
DA:189,181
DA:190,181
DA:191,181
DA:192,181
DA:193,181
DA:194,181
DA:195,181
DA:196,181
DA:200,181
DA:201,181
DA:202,181
DA:203,181
DA:204,181
DA:205,181
DA:206,181
DA:207,181
DA:211,181
DA:212,181
DA:214,181
DA:215,181
DA:216,181
DA:217,181
DA:218,181
DA:219,181
DA:220,181
DA:221,181
DA:222,181
DA:226,2
DA:227,2
DA:228,2
DA:232,22
DA:233,22
DA:234,22
DA:241,2
DA:242,2
DA:244,2
DA:245,2
DA:248,2
DA:249,2
DA:251,2
DA:252,2
DA:255,2
DA:256,2
DA:258,2
DA:259,2
DA:262,2
DA:263,2
DA:264,2
DA:266,2
DA:267,2
DA:268,2
DA:271,2
DA:272,2
DA:275,2
DA:276,2
DA:277,2
DA:278,2
DA:279,2
DA:280,2
DA:281,2
DA:284,2
DA:285,2
DA:286,2
DA:289,2
DA:290,2
DA:293,2
DA:294,2
DA:295,2
DA:296,2
DA:297,2
DA:298,2
DA:301,2
DA:302,2
DA:303,2
DA:306,2
DA:307,2
DA:310,2
DA:311,2
DA:312,2
DA:313,2
DA:314,2
DA:317,2
DA:318,2
DA:319,2
DA:320,2
DA:321,2
DA:322,2
DA:325,2
DA:326,2
DA:328,2
DA:329,2
DA:330,2
DA:333,2
DA:334,2
DA:336,2
DA:337,2
DA:338,2
DA:341,2
DA:342,2
DA:344,2
DA:345,2
DA:348,2
DA:349,2
DA:352,2
DA:353,2
DA:354,2
DA:357,2
DA:358,2
DA:359,2
DA:361,2
DA:362,2
DA:363,2
DA:366,2
DA:367,2
DA:370,2
DA:371,2
DA:372,2
DA:375,2
DA:376,2
DA:379,2
DA:380,2
DA:381,2
DA:384,2
DA:385,2
DA:389,2
DA:390,2
DA:391,2
DA:392,2
DA:393,2
DA:394,2
DA:395,2
DA:398,2
DA:399,2
DA:400,2
DA:401,2
DA:402,2
DA:403,2
DA:406,2
DA:407,2
DA:408,2
DA:409,2
DA:410,2
DA:413,2
DA:414,2
DA:417,2
DA:418,2
DA:421,2
DA:422,2
BRF:0
BRH:0
LF:250
LH:250
end_of_record
SF:/home/user/captchapi/src/middleware/auth.rs
FN:32,_RNvMNtNtCs49FsUT9Vps1_9captchapi10middleware4authNtB2_14AuthMiddleware12authenticate
FN:19,_RNvMNtNtCs49FsUT9Vps1_9captchapi10middleware4authNtB2_14AuthMiddleware3new
FN:96,_RNvMs_NtNtCs49FsUT9Vps1_9captchapi10middleware4authNtB4_19MasterKeyMiddleware12authenticate
FN:92,_RNvMs_NtNtCs49FsUT9Vps1_9captchapi10middleware4authNtB4_19MasterKeyMiddleware3new
FN:44,_RNCNCNCNvMNtNtCs49FsUT9Vps1_9captchapi10middleware4authNtB8_14AuthMiddleware12authenticate000Bc_
FN:50,_RNCNCNCNvMNtNtCs49FsUT9Vps1_9captchapi10middleware4authNtB8_14AuthMiddleware12authenticate00s0_0Bc_
FN:60,_RNCNCNCNvMNtNtCs49FsUT9Vps1_9captchapi10middleware4authNtB8_14AuthMiddleware12authenticate00s1_0Bc_
FN:77,_RNCNCNCNvMNtNtCs49FsUT9Vps1_9captchapi10middleware4authNtB8_14AuthMiddleware12authenticate00s2_0Bc_
FN:45,_RNCNCNCNvMNtNtCs49FsUT9Vps1_9captchapi10middleware4authNtB8_14AuthMiddleware12authenticate00s_0Bc_
FN:105,_RNCNCNvMs_NtNtCs49FsUT9Vps1_9captchapi10middleware4authNtB8_19MasterKeyMiddleware12authenticate00Bc_
FN:111,_RNCNCNvMs_NtNtCs49FsUT9Vps1_9captchapi10middleware4authNtB8_19MasterKeyMiddleware12authenticate0s0_0Bc_
FN:106,_RNCNCNvMs_NtNtCs49FsUT9Vps1_9captchapi10middleware4authNtB8_19MasterKeyMiddleware12authenticate0s_0Bc_
FN:36,_RNCNvMNtNtCs49FsUT9Vps1_9captchapi10middleware4authNtB4_14AuthMiddleware12authenticate0B8_
FN:100,_RNCNvMs_NtNtCs49FsUT9Vps1_9captchapi10middleware4authNtB6_19MasterKeyMiddleware12authenticate0Ba_
FN:32,_RNvMNtNtCsdjy7lWocQMd_9captchapi10middleware4authNtB2_14AuthMiddleware12authenticate
FN:19,_RNvMNtNtCsdjy7lWocQMd_9captchapi10middleware4authNtB2_14AuthMiddleware3new
FN:96,_RNvMs_NtNtCsdjy7lWocQMd_9captchapi10middleware4authNtB4_19MasterKeyMiddleware12authenticate
FN:92,_RNvMs_NtNtCsdjy7lWocQMd_9captchapi10middleware4authNtB4_19MasterKeyMiddleware3new
FN:44,_RNCNCNCNvMNtNtCsdjy7lWocQMd_9captchapi10middleware4authNtB8_14AuthMiddleware12authenticate000Bc_
FN:50,_RNCNCNCNvMNtNtCsdjy7lWocQMd_9captchapi10middleware4authNtB8_14AuthMiddleware12authenticate00s0_0Bc_
FN:60,_RNCNCNCNvMNtNtCsdjy7lWocQMd_9captchapi10middleware4authNtB8_14AuthMiddleware12authenticate00s1_0Bc_
FN:77,_RNCNCNCNvMNtNtCsdjy7lWocQMd_9captchapi10middleware4authNtB8_14AuthMiddleware12authenticate00s2_0Bc_
FN:45,_RNCNCNCNvMNtNtCsdjy7lWocQMd_9captchapi10middleware4authNtB8_14AuthMiddleware12authenticate00s_0Bc_
FN:105,_RNCNCNvMs_NtNtCsdjy7lWocQMd_9captchapi10middleware4authNtB8_19MasterKeyMiddleware12authenticate00Bc_
FN:111,_RNCNCNvMs_NtNtCsdjy7lWocQMd_9captchapi10middleware4authNtB8_19MasterKeyMiddleware12authenticate0s0_0Bc_
FN:106,_RNCNCNvMs_NtNtCsdjy7lWocQMd_9captchapi10middleware4authNtB8_19MasterKeyMiddleware12authenticate0s_0Bc_
FN:36,_RNCNvMNtNtCsdjy7lWocQMd_9captchapi10middleware4authNtB4_14AuthMiddleware12authenticate0B8_
FN:100,_RNCNvMs_NtNtCsdjy7lWocQMd_9captchapi10middleware4authNtB6_19MasterKeyMiddleware12authenticate0Ba_
FN:44,_RNCNCNCNvMNtNtCsfUeyVvfnc3w_9captchapi10middleware4authNtB8_14AuthMiddleware12authenticate000Bc_
FN:50,_RNCNCNCNvMNtNtCsfUeyVvfnc3w_9captchapi10middleware4authNtB8_14AuthMiddleware12authenticate00s0_0Bc_
FN:60,_RNCNCNCNvMNtNtCsfUeyVvfnc3w_9captchapi10middleware4authNtB8_14AuthMiddleware12authenticate00s1_0Bc_
FN:77,_RNCNCNCNvMNtNtCsfUeyVvfnc3w_9captchapi10middleware4authNtB8_14AuthMiddleware12authenticate00s2_0Bc_
FN:45,_RNCNCNCNvMNtNtCsfUeyVvfnc3w_9captchapi10middleware4authNtB8_14AuthMiddleware12authenticate00s_0Bc_
FN:105,_RNCNCNvMs_NtNtCsfUeyVvfnc3w_9captchapi10middleware4authNtB8_19MasterKeyMiddleware12authenticate00Bc_
FN:111,_RNCNCNvMs_NtNtCsfUeyVvfnc3w_9captchapi10middleware4authNtB8_19MasterKeyMiddleware12authenticate0s0_0Bc_
FN:106,_RNCNCNvMs_NtNtCsfUeyVvfnc3w_9captchapi10middleware4authNtB8_19MasterKeyMiddleware12authenticate0s_0Bc_
FN:36,_RNCNvMNtNtCsfUeyVvfnc3w_9captchapi10middleware4authNtB4_14AuthMiddleware12authenticate0B8_
FN:100,_RNCNvMs_NtNtCsfUeyVvfnc3w_9captchapi10middleware4authNtB6_19MasterKeyMiddleware12authenticate0Ba_
FN:32,_RNvMNtNtCsfUeyVvfnc3w_9captchapi10middleware4authNtB2_14AuthMiddleware12authenticate
FN:19,_RNvMNtNtCsfUeyVvfnc3w_9captchapi10middleware4authNtB2_14AuthMiddleware3new
FN:96,_RNvMs_NtNtCsfUeyVvfnc3w_9captchapi10middleware4authNtB4_19MasterKeyMiddleware12authenticate
FN:92,_RNvMs_NtNtCsfUeyVvfnc3w_9captchapi10middleware4authNtB4_19MasterKeyMiddleware3new
FN:44,_RNCNCNCNvMNtNtCsbNrg83LN9s_9captchapi10middleware4authNtB8_14AuthMiddleware12authenticate000Bc_
FN:50,_RNCNCNCNvMNtNtCsbNrg83LN9s_9captchapi10middleware4authNtB8_14AuthMiddleware12authenticate00s0_0Bc_
FN:60,_RNCNCNCNvMNtNtCsbNrg83LN9s_9captchapi10middleware4authNtB8_14AuthMiddleware12authenticate00s1_0Bc_
FN:77,_RNCNCNCNvMNtNtCsbNrg83LN9s_9captchapi10middleware4authNtB8_14AuthMiddleware12authenticate00s2_0Bc_
FN:45,_RNCNCNCNvMNtNtCsbNrg83LN9s_9captchapi10middleware4authNtB8_14AuthMiddleware12authenticate00s_0Bc_
FN:105,_RNCNCNvMs_NtNtCsbNrg83LN9s_9captchapi10middleware4authNtB8_19MasterKeyMiddleware12authenticate00Bc_
FN:111,_RNCNCNvMs_NtNtCsbNrg83LN9s_9captchapi10middleware4authNtB8_19MasterKeyMiddleware12authenticate0s0_0Bc_
FN:106,_RNCNCNvMs_NtNtCsbNrg83LN9s_9captchapi10middleware4authNtB8_19MasterKeyMiddleware12authenticate0s_0Bc_
FN:36,_RNCNvMNtNtCsbNrg83LN9s_9captchapi10middleware4authNtB4_14AuthMiddleware12authenticate0B8_
FN:100,_RNCNvMs_NtNtCsbNrg83LN9s_9captchapi10middleware4authNtB6_19MasterKeyMiddleware12authenticate0Ba_
FN:32,_RNvMNtNtCsbNrg83LN9s_9captchapi10middleware4authNtB2_14AuthMiddleware12authenticate
FN:19,_RNvMNtNtCsbNrg83LN9s_9captchapi10middleware4authNtB2_14AuthMiddleware3new
FN:96,_RNvMs_NtNtCsbNrg83LN9s_9captchapi10middleware4authNtB4_19MasterKeyMiddleware12authenticate
FN:92,_RNvMs_NtNtCsbNrg83LN9s_9captchapi10middleware4authNtB4_19MasterKeyMiddleware3new
FNDA:0,_RNvMNtNtCs49FsUT9Vps1_9captchapi10middleware4authNtB2_14AuthMiddleware12authenticate
FNDA:0,_RNvMNtNtCs49FsUT9Vps1_9captchapi10middleware4authNtB2_14AuthMiddleware3new
FNDA:0,_RNvMs_NtNtCs49FsUT9Vps1_9captchapi10middleware4authNtB4_19MasterKeyMiddleware12authenticate
FNDA:0,_RNvMs_NtNtCs49FsUT9Vps1_9captchapi10middleware4authNtB4_19MasterKeyMiddleware3new
FNDA:0,_RNCNCNCNvMNtNtCs49FsUT9Vps1_9captchapi10middleware4authNtB8_14AuthMiddleware12authenticate000Bc_
FNDA:0,_RNCNCNCNvMNtNtCs49FsUT9Vps1_9captchapi10middleware4authNtB8_14AuthMiddleware12authenticate00s0_0Bc_
FNDA:0,_RNCNCNCNvMNtNtCs49FsUT9Vps1_9captchapi10middleware4authNtB8_14AuthMiddleware12authenticate00s1_0Bc_
FNDA:0,_RNCNCNCNvMNtNtCs49FsUT9Vps1_9captchapi10middleware4authNtB8_14AuthMiddleware12authenticate00s2_0Bc_
FNDA:0,_RNCNCNCNvMNtNtCs49FsUT9Vps1_9captchapi10middleware4authNtB8_14AuthMiddleware12authenticate00s_0Bc_
FNDA:0,_RNCNCNvMs_NtNtCs49FsUT9Vps1_9captchapi10middleware4authNtB8_19MasterKeyMiddleware12authenticate00Bc_
FNDA:0,_RNCNCNvMs_NtNtCs49FsUT9Vps1_9captchapi10middleware4authNtB8_19MasterKeyMiddleware12authenticate0s0_0Bc_
FNDA:0,_RNCNCNvMs_NtNtCs49FsUT9Vps1_9captchapi10middleware4authNtB8_19MasterKeyMiddleware12authenticate0s_0Bc_
FNDA:0,_RNCNvMNtNtCs49FsUT9Vps1_9captchapi10middleware4authNtB4_14AuthMiddleware12authenticate0B8_
FNDA:0,_RNCNvMs_NtNtCs49FsUT9Vps1_9captchapi10middleware4authNtB6_19MasterKeyMiddleware12authenticate0Ba_
FNDA:95,_RNvMNtNtCsdjy7lWocQMd_9captchapi10middleware4authNtB2_14AuthMiddleware12authenticate
FNDA:54,_RNvMNtNtCsdjy7lWocQMd_9captchapi10middleware4authNtB2_14AuthMiddleware3new
FNDA:36,_RNvMs_NtNtCsdjy7lWocQMd_9captchapi10middleware4authNtB4_19MasterKeyMiddleware12authenticate
FNDA:108,_RNvMs_NtNtCsdjy7lWocQMd_9captchapi10middleware4authNtB4_19MasterKeyMiddleware3new
FNDA:88,_RNCNCNCNvMNtNtCsdjy7lWocQMd_9captchapi10middleware4authNtB8_14AuthMiddleware12authenticate000Bc_
FNDA:0,_RNCNCNCNvMNtNtCsdjy7lWocQMd_9captchapi10middleware4authNtB8_14AuthMiddleware12authenticate00s0_0Bc_
FNDA:6,_RNCNCNCNvMNtNtCsdjy7lWocQMd_9captchapi10middleware4authNtB8_14AuthMiddleware12authenticate00s1_0Bc_
FNDA:78,_RNCNCNCNvMNtNtCsdjy7lWocQMd_9captchapi10middleware4authNtB8_14AuthMiddleware12authenticate00s2_0Bc_
FNDA:7,_RNCNCNCNvMNtNtCsdjy7lWocQMd_9captchapi10middleware4authNtB8_14AuthMiddleware12authenticate00s_0Bc_
FNDA:34,_RNCNCNvMs_NtNtCsdjy7lWocQMd_9captchapi10middleware4authNtB8_19MasterKeyMiddleware12authenticate00Bc_
FNDA:0,_RNCNCNvMs_NtNtCsdjy7lWocQMd_9captchapi10middleware4authNtB8_19MasterKeyMiddleware12authenticate0s0_0Bc_
FNDA:2,_RNCNCNvMs_NtNtCsdjy7lWocQMd_9captchapi10middleware4authNtB8_19MasterKeyMiddleware12authenticate0s_0Bc_
FNDA:95,_RNCNvMNtNtCsdjy7lWocQMd_9captchapi10middleware4authNtB4_14AuthMiddleware12authenticate0B8_
FNDA:36,_RNCNvMs_NtNtCsdjy7lWocQMd_9captchapi10middleware4authNtB6_19MasterKeyMiddleware12authenticate0Ba_
FNDA:0,_RNCNCNCNvMNtNtCsfUeyVvfnc3w_9captchapi10middleware4authNtB8_14AuthMiddleware12authenticate000Bc_
FNDA:0,_RNCNCNCNvMNtNtCsfUeyVvfnc3w_9captchapi10middleware4authNtB8_14AuthMiddleware12authenticate00s0_0Bc_
FNDA:0,_RNCNCNCNvMNtNtCsfUeyVvfnc3w_9captchapi10middleware4authNtB8_14AuthMiddleware12authenticate00s1_0Bc_
FNDA:0,_RNCNCNCNvMNtNtCsfUeyVvfnc3w_9captchapi10middleware4authNtB8_14AuthMiddleware12authenticate00s2_0Bc_
FNDA:0,_RNCNCNCNvMNtNtCsfUeyVvfnc3w_9captchapi10middleware4authNtB8_14AuthMiddleware12authenticate00s_0Bc_
FNDA:0,_RNCNCNvMs_NtNtCsfUeyVvfnc3w_9captchapi10middleware4authNtB8_19MasterKeyMiddleware12authenticate00Bc_
FNDA:0,_RNCNCNvMs_NtNtCsfUeyVvfnc3w_9captchapi10middleware4authNtB8_19MasterKeyMiddleware12authenticate0s0_0Bc_
FNDA:0,_RNCNCNvMs_NtNtCsfUeyVvfnc3w_9captchapi10middleware4authNtB8_19MasterKeyMiddleware12authenticate0s_0Bc_
FNDA:0,_RNCNvMNtNtCsfUeyVvfnc3w_9captchapi10middleware4authNtB4_14AuthMiddleware12authenticate0B8_
FNDA:0,_RNCNvMs_NtNtCsfUeyVvfnc3w_9captchapi10middleware4authNtB6_19MasterKeyMiddleware12authenticate0Ba_
FNDA:0,_RNvMNtNtCsfUeyVvfnc3w_9captchapi10middleware4authNtB2_14AuthMiddleware12authenticate
FNDA:0,_RNvMNtNtCsfUeyVvfnc3w_9captchapi10middleware4authNtB2_14AuthMiddleware3new
FNDA:0,_RNvMs_NtNtCsfUeyVvfnc3w_9captchapi10middleware4authNtB4_19MasterKeyMiddleware12authenticate
FNDA:0,_RNvMs_NtNtCsfUeyVvfnc3w_9captchapi10middleware4authNtB4_19MasterKeyMiddleware3new
FNDA:0,_RNCNCNCNvMNtNtCsbNrg83LN9s_9captchapi10middleware4authNtB8_14AuthMiddleware12authenticate000Bc_
FNDA:0,_RNCNCNCNvMNtNtCsbNrg83LN9s_9captchapi10middleware4authNtB8_14AuthMiddleware12authenticate00s0_0Bc_
FNDA:0,_RNCNCNCNvMNtNtCsbNrg83LN9s_9captchapi10middleware4authNtB8_14AuthMiddleware12authenticate00s1_0Bc_
FNDA:0,_RNCNCNCNvMNtNtCsbNrg83LN9s_9captchapi10middleware4authNtB8_14AuthMiddleware12authenticate00s2_0Bc_
FNDA:0,_RNCNCNCNvMNtNtCsbNrg83LN9s_9captchapi10middleware4authNtB8_14AuthMiddleware12authenticate00s_0Bc_
FNDA:0,_RNCNCNvMs_NtNtCsbNrg83LN9s_9captchapi10middleware4authNtB8_19MasterKeyMiddleware12authenticate00Bc_
FNDA:0,_RNCNCNvMs_NtNtCsbNrg83LN9s_9captchapi10middleware4authNtB8_19MasterKeyMiddleware12authenticate0s0_0Bc_
FNDA:0,_RNCNCNvMs_NtNtCsbNrg83LN9s_9captchapi10middleware4authNtB8_19MasterKeyMiddleware12authenticate0s_0Bc_
FNDA:0,_RNCNvMNtNtCsbNrg83LN9s_9captchapi10middleware4authNtB4_14AuthMiddleware12authenticate0B8_
FNDA:0,_RNCNvMs_NtNtCsbNrg83LN9s_9captchapi10middleware4authNtB6_19MasterKeyMiddleware12authenticate0Ba_
FNDA:0,_RNvMNtNtCsbNrg83LN9s_9captchapi10middleware4authNtB2_14AuthMiddleware12authenticate
FNDA:0,_RNvMNtNtCsbNrg83LN9s_9captchapi10middleware4authNtB2_14AuthMiddleware3new
FNDA:0,_RNvMs_NtNtCsbNrg83LN9s_9captchapi10middleware4authNtB4_19MasterKeyMiddleware12authenticate
FNDA:0,_RNvMs_NtNtCsbNrg83LN9s_9captchapi10middleware4authNtB4_19MasterKeyMiddleware3new
FNF:14
FNH:12
DA:19,54
DA:20,54
DA:21,54
DA:22,54
DA:23,54
DA:24,54
DA:25,54
DA:26,54
DA:27,54
DA:28,54
DA:29,54
DA:32,95
DA:33,95
DA:34,95
DA:35,95
DA:36,95
DA:44,88
DA:45,7
DA:50,0
DA:60,6
DA:61,6
DA:62,6
DA:63,6
DA:64,6
DA:77,78
DA:78,78
DA:79,67
DA:83,95
DA:92,108
DA:93,108
DA:94,108
DA:96,36
DA:97,36
DA:98,36
DA:99,36
DA:100,36
DA:102,36
DA:103,36
DA:104,36
DA:105,36
DA:106,36
DA:109,34
DA:110,34
DA:111,34
DA:114,34
DA:115,1
DA:116,33
DA:119,33
DA:120,36
BRF:0
BRH:0
LF:54
LH:52
end_of_record
SF:/home/user/captchapi/src/middleware/metrics.rs
FN:24,_RNvMNtNtCs49FsUT9Vps1_9captchapi10middleware7metricsNtB2_17MetricsMiddleware22track_request_duration
FN:16,_RNvMNtNtCs49FsUT9Vps1_9captchapi10middleware7metricsNtB2_17MetricsMiddleware3new
FN:28,_RNCNvMNtNtCs49FsUT9Vps1_9captchapi10middleware7metricsNtB4_17MetricsMiddleware22track_request_duration0B8_
FN:28,_RNCNvMNtNtCsdjy7lWocQMd_9captchapi10middleware7metricsNtB4_17MetricsMiddleware22track_request_duration0B8_
FN:24,_RNvMNtNtCsdjy7lWocQMd_9captchapi10middleware7metricsNtB2_17MetricsMiddleware22track_request_duration
FN:16,_RNvMNtNtCsdjy7lWocQMd_9captchapi10middleware7metricsNtB2_17MetricsMiddleware3new
FN:24,_RNvMNtNtCsfUeyVvfnc3w_9captchapi10middleware7metricsNtB2_17MetricsMiddleware22track_request_duration
FN:16,_RNvMNtNtCsfUeyVvfnc3w_9captchapi10middleware7metricsNtB2_17MetricsMiddleware3new
FN:62,_RNCNvNtNtNtCsfUeyVvfnc3w_9captchapi10middleware7metrics5tests13dummy_handler0B9_
FN:90,_RNCNvNtNtNtCsfUeyVvfnc3w_9captchapi10middleware7metrics5testss_27test_metrics_middleware_new0B9_
FN:99,_RNCNvNtNtNtCsfUeyVvfnc3w_9captchapi10middleware7metrics5testss_29test_metrics_middleware_clone0B9_
FN:109,_RNCNvNtNtNtCsfUeyVvfnc3w_9captchapi10middleware7metrics5testss_41test_metrics_middleware_multiple_requests0B9_
FN:67,_RNCNvNtNtNtCsfUeyVvfnc3w_9captchapi10middleware7metrics5testss_47test_metrics_middleware_tracks_request_duration0B9_
FN:28,_RNCNvMNtNtCsfUeyVvfnc3w_9captchapi10middleware7metricsNtB4_17MetricsMiddleware22track_request_duration0B8_
FN:62,_RNvNtNtNtCsfUeyVvfnc3w_9captchapi10middleware7metrics5tests13dummy_handler
FN:90,_RNvNtNtNtCsfUeyVvfnc3w_9captchapi10middleware7metrics5testss_27test_metrics_middleware_new
FN:99,_RNvNtNtNtCsfUeyVvfnc3w_9captchapi10middleware7metrics5testss_29test_metrics_middleware_clone
FN:109,_RNvNtNtNtCsfUeyVvfnc3w_9captchapi10middleware7metrics5testss_41test_metrics_middleware_multiple_requests
FN:67,_RNvNtNtNtCsfUeyVvfnc3w_9captchapi10middleware7metrics5testss_47test_metrics_middleware_tracks_request_duration
FN:62,_RNvNtNtNtCsbNrg83LN9s_9captchapi10middleware7metrics5tests13dummy_handler
FN:90,_RNvNtNtNtCsbNrg83LN9s_9captchapi10middleware7metrics5testss_27test_metrics_middleware_new
FN:99,_RNvNtNtNtCsbNrg83LN9s_9captchapi10middleware7metrics5testss_29test_metrics_middleware_clone
FN:109,_RNvNtNtNtCsbNrg83LN9s_9captchapi10middleware7metrics5testss_41test_metrics_middleware_multiple_requests
FN:67,_RNvNtNtNtCsbNrg83LN9s_9captchapi10middleware7metrics5testss_47test_metrics_middleware_tracks_request_duration
FN:24,_RNvMNtNtCsbNrg83LN9s_9captchapi10middleware7metricsNtB2_17MetricsMiddleware22track_request_duration
FN:16,_RNvMNtNtCsbNrg83LN9s_9captchapi10middleware7metricsNtB2_17MetricsMiddleware3new
FN:28,_RNCNvMNtNtCsbNrg83LN9s_9captchapi10middleware7metricsNtB4_17MetricsMiddleware22track_request_duration0B8_
FN:62,_RNCNvNtNtNtCsbNrg83LN9s_9captchapi10middleware7metrics5tests13dummy_handler0B9_
FN:90,_RNCNvNtNtNtCsbNrg83LN9s_9captchapi10middleware7metrics5testss_27test_metrics_middleware_new0B9_
FN:99,_RNCNvNtNtNtCsbNrg83LN9s_9captchapi10middleware7metrics5testss_29test_metrics_middleware_clone0B9_
FN:109,_RNCNvNtNtNtCsbNrg83LN9s_9captchapi10middleware7metrics5testss_41test_metrics_middleware_multiple_requests0B9_
FN:67,_RNCNvNtNtNtCsbNrg83LN9s_9captchapi10middleware7metrics5testss_47test_metrics_middleware_tracks_request_duration0B9_
FNDA:0,_RNvMNtNtCs49FsUT9Vps1_9captchapi10middleware7metricsNtB2_17MetricsMiddleware22track_request_duration
FNDA:0,_RNvMNtNtCs49FsUT9Vps1_9captchapi10middleware7metricsNtB2_17MetricsMiddleware3new
FNDA:0,_RNCNvMNtNtCs49FsUT9Vps1_9captchapi10middleware7metricsNtB4_17MetricsMiddleware22track_request_duration0B8_
FNDA:0,_RNCNvMNtNtCsdjy7lWocQMd_9captchapi10middleware7metricsNtB4_17MetricsMiddleware22track_request_duration0B8_
FNDA:0,_RNvMNtNtCsdjy7lWocQMd_9captchapi10middleware7metricsNtB2_17MetricsMiddleware22track_request_duration
FNDA:0,_RNvMNtNtCsdjy7lWocQMd_9captchapi10middleware7metricsNtB2_17MetricsMiddleware3new
FNDA:6,_RNvMNtNtCsfUeyVvfnc3w_9captchapi10middleware7metricsNtB2_17MetricsMiddleware22track_request_duration
FNDA:4,_RNvMNtNtCsfUeyVvfnc3w_9captchapi10middleware7metricsNtB2_17MetricsMiddleware3new
FNDA:6,_RNCNvNtNtNtCsfUeyVvfnc3w_9captchapi10middleware7metrics5tests13dummy_handler0B9_
FNDA:1,_RNCNvNtNtNtCsfUeyVvfnc3w_9captchapi10middleware7metrics5testss_27test_metrics_middleware_new0B9_
FNDA:1,_RNCNvNtNtNtCsfUeyVvfnc3w_9captchapi10middleware7metrics5testss_29test_metrics_middleware_clone0B9_
FNDA:1,_RNCNvNtNtNtCsfUeyVvfnc3w_9captchapi10middleware7metrics5testss_41test_metrics_middleware_multiple_requests0B9_
FNDA:1,_RNCNvNtNtNtCsfUeyVvfnc3w_9captchapi10middleware7metrics5testss_47test_metrics_middleware_tracks_request_duration0B9_
FNDA:6,_RNCNvMNtNtCsfUeyVvfnc3w_9captchapi10middleware7metricsNtB4_17MetricsMiddleware22track_request_duration0B8_
FNDA:6,_RNvNtNtNtCsfUeyVvfnc3w_9captchapi10middleware7metrics5tests13dummy_handler
FNDA:1,_RNvNtNtNtCsfUeyVvfnc3w_9captchapi10middleware7metrics5testss_27test_metrics_middleware_new
FNDA:1,_RNvNtNtNtCsfUeyVvfnc3w_9captchapi10middleware7metrics5testss_29test_metrics_middleware_clone
FNDA:1,_RNvNtNtNtCsfUeyVvfnc3w_9captchapi10middleware7metrics5testss_41test_metrics_middleware_multiple_requests
FNDA:1,_RNvNtNtNtCsfUeyVvfnc3w_9captchapi10middleware7metrics5testss_47test_metrics_middleware_tracks_request_duration
FNDA:6,_RNvNtNtNtCsbNrg83LN9s_9captchapi10middleware7metrics5tests13dummy_handler
FNDA:1,_RNvNtNtNtCsbNrg83LN9s_9captchapi10middleware7metrics5testss_27test_metrics_middleware_new
FNDA:1,_RNvNtNtNtCsbNrg83LN9s_9captchapi10middleware7metrics5testss_29test_metrics_middleware_clone
FNDA:1,_RNvNtNtNtCsbNrg83LN9s_9captchapi10middleware7metrics5testss_41test_metrics_middleware_multiple_requests
FNDA:1,_RNvNtNtNtCsbNrg83LN9s_9captchapi10middleware7metrics5testss_47test_metrics_middleware_tracks_request_duration
FNDA:6,_RNvMNtNtCsbNrg83LN9s_9captchapi10middleware7metricsNtB2_17MetricsMiddleware22track_request_duration
FNDA:4,_RNvMNtNtCsbNrg83LN9s_9captchapi10middleware7metricsNtB2_17MetricsMiddleware3new
FNDA:6,_RNCNvMNtNtCsbNrg83LN9s_9captchapi10middleware7metricsNtB4_17MetricsMiddleware22track_request_duration0B8_
FNDA:6,_RNCNvNtNtNtCsbNrg83LN9s_9captchapi10middleware7metrics5tests13dummy_handler0B9_
FNDA:1,_RNCNvNtNtNtCsbNrg83LN9s_9captchapi10middleware7metrics5testss_27test_metrics_middleware_new0B9_
FNDA:1,_RNCNvNtNtNtCsbNrg83LN9s_9captchapi10middleware7metrics5testss_29test_metrics_middleware_clone0B9_
FNDA:1,_RNCNvNtNtNtCsbNrg83LN9s_9captchapi10middleware7metrics5testss_41test_metrics_middleware_multiple_requests0B9_
FNDA:1,_RNCNvNtNtNtCsbNrg83LN9s_9captchapi10middleware7metrics5testss_47test_metrics_middleware_tracks_request_duration0B9_
FNF:13
FNH:13
DA:16,8
DA:17,8
DA:18,8
DA:24,12
DA:25,12
DA:26,12
DA:27,12
DA:28,12
DA:29,12
DA:32,12
DA:35,12
DA:38,12
DA:39,12
DA:40,12
DA:41,12
DA:42,12
DA:44,12
DA:45,12
DA:62,12
DA:63,12
DA:64,12
DA:67,2
DA:68,2
DA:69,2
DA:71,2
DA:72,2
DA:73,2
DA:79,2
DA:80,2
DA:81,2
DA:82,2
DA:84,2
DA:87,2
DA:90,2
DA:91,2
DA:92,2
DA:95,2
DA:96,2
DA:99,2
DA:100,2
DA:101,2
DA:102,2
DA:105,2
DA:106,2
DA:109,2
DA:110,2
DA:111,2
DA:113,2
DA:114,2
DA:115,2
DA:121,12
DA:122,10
DA:123,10
DA:124,10
DA:125,10
DA:126,10
DA:127,2
DA:128,10
DA:129,2
DA:131,2
BRF:0
BRH:0
LF:76
LH:76
end_of_record
SF:/home/user/captchapi/src/middleware/rate_limit.rs
FN:36,_RNCNvMNtNtCs49FsUT9Vps1_9captchapi10middleware10rate_limitNtB4_19RateLimitMiddleware5check0B8_
FN:19,_RNvMNtNtCs49FsUT9Vps1_9captchapi10middleware10rate_limitNtB2_19RateLimitMiddleware3new
FN:31,_RNvMNtNtCs49FsUT9Vps1_9captchapi10middleware10rate_limitNtB2_19RateLimitMiddleware5check
FN:36,_RNCNvMNtNtCsdjy7lWocQMd_9captchapi10middleware10rate_limitNtB4_19RateLimitMiddleware5check0B8_
FN:19,_RNvMNtNtCsdjy7lWocQMd_9captchapi10middleware10rate_limitNtB2_19RateLimitMiddleware3new
FN:31,_RNvMNtNtCsdjy7lWocQMd_9captchapi10middleware10rate_limitNtB2_19RateLimitMiddleware5check
FN:36,_RNCNvMNtNtCsfUeyVvfnc3w_9captchapi10middleware10rate_limitNtB4_19RateLimitMiddleware5check0B8_
FN:31,_RNvMNtNtCsfUeyVvfnc3w_9captchapi10middleware10rate_limitNtB2_19RateLimitMiddleware5check
FN:19,_RNvMNtNtCsfUeyVvfnc3w_9captchapi10middleware10rate_limitNtB2_19RateLimitMiddleware3new
FN:63,_RNCNvNtNtNtCsfUeyVvfnc3w_9captchapi10middleware10rate_limit5testss_30test_rate_limit_middleware_new0B9_
FN:73,_RNCNvNtNtNtCsfUeyVvfnc3w_9captchapi10middleware10rate_limit5testss_32test_rate_limit_middleware_clone0B9_
FN:84,_RNCNvNtNtNtCsfUeyVvfnc3w_9captchapi10middleware10rate_limit5testss_39test_rate_limit_tracks_allowed_requests0B9_
FN:95,_RNCNvNtNtNtCsfUeyVvfnc3w_9captchapi10middleware10rate_limit5testss_39test_rate_limit_tracks_blocked_requests0B9_
FN:63,_RNvNtNtNtCsfUeyVvfnc3w_9captchapi10middleware10rate_limit5testss_30test_rate_limit_middleware_new
FN:73,_RNvNtNtNtCsfUeyVvfnc3w_9captchapi10middleware10rate_limit5testss_32test_rate_limit_middleware_clone
FN:84,_RNvNtNtNtCsfUeyVvfnc3w_9captchapi10middleware10rate_limit5testss_39test_rate_limit_tracks_allowed_requests
FN:95,_RNvNtNtNtCsfUeyVvfnc3w_9captchapi10middleware10rate_limit5testss_39test_rate_limit_tracks_blocked_requests
FN:63,_RNCNvNtNtNtCsbNrg83LN9s_9captchapi10middleware10rate_limit5testss_30test_rate_limit_middleware_new0B9_
FN:73,_RNCNvNtNtNtCsbNrg83LN9s_9captchapi10middleware10rate_limit5testss_32test_rate_limit_middleware_clone0B9_
FN:84,_RNCNvNtNtNtCsbNrg83LN9s_9captchapi10middleware10rate_limit5testss_39test_rate_limit_tracks_allowed_requests0B9_
FN:95,_RNCNvNtNtNtCsbNrg83LN9s_9captchapi10middleware10rate_limit5testss_39test_rate_limit_tracks_blocked_requests0B9_
FN:63,_RNvNtNtNtCsbNrg83LN9s_9captchapi10middleware10rate_limit5testss_30test_rate_limit_middleware_new
FN:73,_RNvNtNtNtCsbNrg83LN9s_9captchapi10middleware10rate_limit5testss_32test_rate_limit_middleware_clone
FN:84,_RNvNtNtNtCsbNrg83LN9s_9captchapi10middleware10rate_limit5testss_39test_rate_limit_tracks_allowed_requests
FN:95,_RNvNtNtNtCsbNrg83LN9s_9captchapi10middleware10rate_limit5testss_39test_rate_limit_tracks_blocked_requests
FN:19,_RNvMNtNtCsbNrg83LN9s_9captchapi10middleware10rate_limitNtB2_19RateLimitMiddleware3new
FN:36,_RNCNvMNtNtCsbNrg83LN9s_9captchapi10middleware10rate_limitNtB4_19RateLimitMiddleware5check0B8_
FN:31,_RNvMNtNtCsbNrg83LN9s_9captchapi10middleware10rate_limitNtB2_19RateLimitMiddleware5check
FNDA:0,_RNCNvMNtNtCs49FsUT9Vps1_9captchapi10middleware10rate_limitNtB4_19RateLimitMiddleware5check0B8_
FNDA:0,_RNvMNtNtCs49FsUT9Vps1_9captchapi10middleware10rate_limitNtB2_19RateLimitMiddleware3new
FNDA:0,_RNvMNtNtCs49FsUT9Vps1_9captchapi10middleware10rate_limitNtB2_19RateLimitMiddleware5check
FNDA:0,_RNCNvMNtNtCsdjy7lWocQMd_9captchapi10middleware10rate_limitNtB4_19RateLimitMiddleware5check0B8_
FNDA:0,_RNvMNtNtCsdjy7lWocQMd_9captchapi10middleware10rate_limitNtB2_19RateLimitMiddleware3new
FNDA:0,_RNvMNtNtCsdjy7lWocQMd_9captchapi10middleware10rate_limitNtB2_19RateLimitMiddleware5check
FNDA:0,_RNCNvMNtNtCsfUeyVvfnc3w_9captchapi10middleware10rate_limitNtB4_19RateLimitMiddleware5check0B8_
FNDA:0,_RNvMNtNtCsfUeyVvfnc3w_9captchapi10middleware10rate_limitNtB2_19RateLimitMiddleware5check
FNDA:4,_RNvMNtNtCsfUeyVvfnc3w_9captchapi10middleware10rate_limitNtB2_19RateLimitMiddleware3new
FNDA:1,_RNCNvNtNtNtCsfUeyVvfnc3w_9captchapi10middleware10rate_limit5testss_30test_rate_limit_middleware_new0B9_
FNDA:1,_RNCNvNtNtNtCsfUeyVvfnc3w_9captchapi10middleware10rate_limit5testss_32test_rate_limit_middleware_clone0B9_
FNDA:1,_RNCNvNtNtNtCsfUeyVvfnc3w_9captchapi10middleware10rate_limit5testss_39test_rate_limit_tracks_allowed_requests0B9_
FNDA:1,_RNCNvNtNtNtCsfUeyVvfnc3w_9captchapi10middleware10rate_limit5testss_39test_rate_limit_tracks_blocked_requests0B9_
FNDA:1,_RNvNtNtNtCsfUeyVvfnc3w_9captchapi10middleware10rate_limit5testss_30test_rate_limit_middleware_new
FNDA:1,_RNvNtNtNtCsfUeyVvfnc3w_9captchapi10middleware10rate_limit5testss_32test_rate_limit_middleware_clone
FNDA:1,_RNvNtNtNtCsfUeyVvfnc3w_9captchapi10middleware10rate_limit5testss_39test_rate_limit_tracks_allowed_requests
FNDA:1,_RNvNtNtNtCsfUeyVvfnc3w_9captchapi10middleware10rate_limit5testss_39test_rate_limit_tracks_blocked_requests
FNDA:1,_RNCNvNtNtNtCsbNrg83LN9s_9captchapi10middleware10rate_limit5testss_30test_rate_limit_middleware_new0B9_
FNDA:1,_RNCNvNtNtNtCsbNrg83LN9s_9captchapi10middleware10rate_limit5testss_32test_rate_limit_middleware_clone0B9_
FNDA:1,_RNCNvNtNtNtCsbNrg83LN9s_9captchapi10middleware10rate_limit5testss_39test_rate_limit_tracks_allowed_requests0B9_
FNDA:1,_RNCNvNtNtNtCsbNrg83LN9s_9captchapi10middleware10rate_limit5testss_39test_rate_limit_tracks_blocked_requests0B9_
FNDA:1,_RNvNtNtNtCsbNrg83LN9s_9captchapi10middleware10rate_limit5testss_30test_rate_limit_middleware_new
FNDA:1,_RNvNtNtNtCsbNrg83LN9s_9captchapi10middleware10rate_limit5testss_32test_rate_limit_middleware_clone
FNDA:1,_RNvNtNtNtCsbNrg83LN9s_9captchapi10middleware10rate_limit5testss_39test_rate_limit_tracks_allowed_requests
FNDA:1,_RNvNtNtNtCsbNrg83LN9s_9captchapi10middleware10rate_limit5testss_39test_rate_limit_tracks_blocked_requests
FNDA:4,_RNvMNtNtCsbNrg83LN9s_9captchapi10middleware10rate_limitNtB2_19RateLimitMiddleware3new
FNDA:0,_RNCNvMNtNtCsbNrg83LN9s_9captchapi10middleware10rate_limitNtB4_19RateLimitMiddleware5check0B8_
FNDA:0,_RNvMNtNtCsbNrg83LN9s_9captchapi10middleware10rate_limitNtB2_19RateLimitMiddleware5check
FNF:11
FNH:9
DA:19,8
DA:20,8
DA:21,8
DA:22,8
DA:23,8
DA:24,8
DA:31,0
DA:32,0
DA:33,0
DA:34,0
DA:35,0
DA:36,0
DA:37,0
DA:40,0
DA:41,0
DA:43,0
DA:44,0
DA:45,0
DA:46,0
DA:47,0
DA:50,0
DA:52,0
DA:53,0
DA:63,2
DA:64,2
DA:65,2
DA:66,2
DA:69,2
DA:70,2
DA:73,2
DA:74,2
DA:75,2
DA:76,2
DA:77,2
DA:80,2
DA:81,2
DA:84,2
DA:85,2
DA:86,2
DA:87,2
DA:92,2
DA:95,2
DA:96,2
DA:97,2
DA:98,2
DA:101,2
DA:102,2
DA:105,2
DA:108,2
DA:111,2
BRF:0
BRH:0
LF:59
LH:41
end_of_record
SF:/home/user/captchapi/src/middleware/request_id.rs
FN:15,_RNvNtNtCs49FsUT9Vps1_9captchapi10middleware10request_id21request_id_middleware
FN:20,_RNCNCNvNtNtCs49FsUT9Vps1_9captchapi10middleware10request_id21request_id_middleware00B9_
FN:22,_RNCNCNvNtNtCs49FsUT9Vps1_9captchapi10middleware10request_id21request_id_middleware0s0_0B9_
FN:23,_RNCNCNvNtNtCs49FsUT9Vps1_9captchapi10middleware10request_id21request_id_middleware0s1_0B9_
FN:21,_RNCNCNvNtNtCs49FsUT9Vps1_9captchapi10middleware10request_id21request_id_middleware0s_0B9_
FN:15,_RNCNvNtNtCs49FsUT9Vps1_9captchapi10middleware10request_id21request_id_middleware0B7_
FN:20,_RNCNCNvNtNtCsdjy7lWocQMd_9captchapi10middleware10request_id21request_id_middleware00B9_
FN:22,_RNCNCNvNtNtCsdjy7lWocQMd_9captchapi10middleware10request_id21request_id_middleware0s0_0B9_
FN:23,_RNCNCNvNtNtCsdjy7lWocQMd_9captchapi10middleware10request_id21request_id_middleware0s1_0B9_
FN:21,_RNCNCNvNtNtCsdjy7lWocQMd_9captchapi10middleware10request_id21request_id_middleware0s_0B9_
FN:15,_RNCNvNtNtCsdjy7lWocQMd_9captchapi10middleware10request_id21request_id_middleware0B7_
FN:15,_RNvNtNtCsdjy7lWocQMd_9captchapi10middleware10request_id21request_id_middleware
FN:20,_RNCNCNvNtNtCsfUeyVvfnc3w_9captchapi10middleware10request_id21request_id_middleware00B9_
FN:22,_RNCNCNvNtNtCsfUeyVvfnc3w_9captchapi10middleware10request_id21request_id_middleware0s0_0B9_
FN:23,_RNCNCNvNtNtCsfUeyVvfnc3w_9captchapi10middleware10request_id21request_id_middleware0s1_0B9_
FN:21,_RNCNCNvNtNtCsfUeyVvfnc3w_9captchapi10middleware10request_id21request_id_middleware0s_0B9_
FN:15,_RNCNvNtNtCsfUeyVvfnc3w_9captchapi10middleware10request_id21request_id_middleware0B7_
FN:15,_RNvNtNtCsfUeyVvfnc3w_9captchapi10middleware10request_id21request_id_middleware
FN:50,_RNCNvNtNtNtCsfUeyVvfnc3w_9captchapi10middleware10request_id5tests12test_handler0B9_
FN:115,_RNCNvNtNtNtCsfUeyVvfnc3w_9captchapi10middleware10request_id5testss_36test_request_id_generated_when_empty0B9_
FN:55,_RNCNvNtNtNtCsfUeyVvfnc3w_9captchapi10middleware10request_id5testss_38test_request_id_generated_when_missing0B9_
FN:81,_RNCNvNtNtNtCsfUeyVvfnc3w_9captchapi10middleware10request_id5testss_39test_request_id_preserved_when_provided0B9_
FN:50,_RNvNtNtNtCsfUeyVvfnc3w_9captchapi10middleware10request_id5tests12test_handler
FN:115,_RNvNtNtNtCsfUeyVvfnc3w_9captchapi10middleware10request_id5testss_36test_request_id_generated_when_empty
FN:55,_RNvNtNtNtCsfUeyVvfnc3w_9captchapi10middleware10request_id5testss_38test_request_id_generated_when_missing
FN:81,_RNvNtNtNtCsfUeyVvfnc3w_9captchapi10middleware10request_id5testss_39test_request_id_preserved_when_provided
FN:50,_RNvNtNtNtCsbNrg83LN9s_9captchapi10middleware10request_id5tests12test_handler
FN:115,_RNvNtNtNtCsbNrg83LN9s_9captchapi10middleware10request_id5testss_36test_request_id_generated_when_empty
FN:55,_RNvNtNtNtCsbNrg83LN9s_9captchapi10middleware10request_id5testss_38test_request_id_generated_when_missing
FN:81,_RNvNtNtNtCsbNrg83LN9s_9captchapi10middleware10request_id5testss_39test_request_id_preserved_when_provided
FN:50,_RNCNvNtNtNtCsbNrg83LN9s_9captchapi10middleware10request_id5tests12test_handler0B9_
FN:115,_RNCNvNtNtNtCsbNrg83LN9s_9captchapi10middleware10request_id5testss_36test_request_id_generated_when_empty0B9_
FN:55,_RNCNvNtNtNtCsbNrg83LN9s_9captchapi10middleware10request_id5testss_38test_request_id_generated_when_missing0B9_
FN:81,_RNCNvNtNtNtCsbNrg83LN9s_9captchapi10middleware10request_id5testss_39test_request_id_preserved_when_provided0B9_
FN:20,_RNCNCNvNtNtCsbNrg83LN9s_9captchapi10middleware10request_id21request_id_middleware00B9_
FN:22,_RNCNCNvNtNtCsbNrg83LN9s_9captchapi10middleware10request_id21request_id_middleware0s0_0B9_
FN:23,_RNCNCNvNtNtCsbNrg83LN9s_9captchapi10middleware10request_id21request_id_middleware0s1_0B9_
FN:21,_RNCNCNvNtNtCsbNrg83LN9s_9captchapi10middleware10request_id21request_id_middleware0s_0B9_
FN:15,_RNCNvNtNtCsbNrg83LN9s_9captchapi10middleware10request_id21request_id_middleware0B7_
FN:15,_RNvNtNtCsbNrg83LN9s_9captchapi10middleware10request_id21request_id_middleware
FNDA:0,_RNvNtNtCs49FsUT9Vps1_9captchapi10middleware10request_id21request_id_middleware
FNDA:0,_RNCNCNvNtNtCs49FsUT9Vps1_9captchapi10middleware10request_id21request_id_middleware00B9_
FNDA:0,_RNCNCNvNtNtCs49FsUT9Vps1_9captchapi10middleware10request_id21request_id_middleware0s0_0B9_
FNDA:0,_RNCNCNvNtNtCs49FsUT9Vps1_9captchapi10middleware10request_id21request_id_middleware0s1_0B9_
FNDA:0,_RNCNCNvNtNtCs49FsUT9Vps1_9captchapi10middleware10request_id21request_id_middleware0s_0B9_
FNDA:0,_RNCNvNtNtCs49FsUT9Vps1_9captchapi10middleware10request_id21request_id_middleware0B7_
FNDA:0,_RNCNCNvNtNtCsdjy7lWocQMd_9captchapi10middleware10request_id21request_id_middleware00B9_
FNDA:0,_RNCNCNvNtNtCsdjy7lWocQMd_9captchapi10middleware10request_id21request_id_middleware0s0_0B9_
[...]
DA:157,2
DA:158,2
DA:159,2
DA:160,2
DA:161,2
DA:162,2
DA:163,2
DA:164,2
DA:165,2
DA:166,2
DA:168,2
DA:169,2
DA:172,78
DA:187,67
DA:190,72
DA:206,72
DA:209,2
DA:230,2
DA:232,3
DA:233,3
DA:234,3
DA:235,3
DA:236,3
DA:237,3
DA:240,3
DA:242,1
DA:243,1
DA:244,1
DA:245,1
DA:246,1
DA:247,1
DA:248,1
DA:249,1
DA:250,1
DA:251,1
DA:252,1
DA:253,1
DA:254,1
DA:255,1
DA:258,2
DA:259,2
DA:260,2
DA:261,2
DA:262,2
DA:263,2
DA:264,2
DA:265,2
DA:266,2
DA:267,2
DA:268,2
DA:269,2
DA:270,2
DA:273,0
DA:274,0
DA:275,0
DA:276,0
DA:277,0
DA:278,0
DA:279,0
DA:280,0
DA:281,0
DA:282,0
DA:283,0
DA:284,0
DA:287,0
DA:290,3
DA:291,3
DA:293,6
DA:294,6
DA:295,6
DA:296,6
DA:297,6
DA:298,6
DA:299,6
DA:300,6
DA:301,6
DA:302,6
DA:304,6
DA:305,6
BRF:0
BRH:0
LF:113
LH:100
end_of_record
SF:/home/user/captchapi/src/tasks/cleanup.rs
FN:25,_RNvNtNtCs49FsUT9Vps1_9captchapi5tasks7cleanup18start_cleanup_task
FN:10,_RNvNtNtCs49FsUT9Vps1_9captchapi5tasks7cleanup24cleanup_expired_sessions
FN:43,_RNvNtNtCs49FsUT9Vps1_9captchapi5tasks7cleanup31start_rate_limiter_cleanup_task
FN:26,_RNCNvNtNtCs49FsUT9Vps1_9captchapi5tasks7cleanup18start_cleanup_task0B7_
FN:10,_RNCNvNtNtCs49FsUT9Vps1_9captchapi5tasks7cleanup24cleanup_expired_sessions0B7_
FN:44,_RNCNvNtNtCs49FsUT9Vps1_9captchapi5tasks7cleanup31start_rate_limiter_cleanup_task0B7_
FN:26,_RNCNvNtNtCsdjy7lWocQMd_9captchapi5tasks7cleanup18start_cleanup_task0B7_
FN:10,_RNCNvNtNtCsdjy7lWocQMd_9captchapi5tasks7cleanup24cleanup_expired_sessions0B7_
FN:44,_RNCNvNtNtCsdjy7lWocQMd_9captchapi5tasks7cleanup31start_rate_limiter_cleanup_task0B7_
FN:25,_RNvNtNtCsdjy7lWocQMd_9captchapi5tasks7cleanup18start_cleanup_task
FN:10,_RNvNtNtCsdjy7lWocQMd_9captchapi5tasks7cleanup24cleanup_expired_sessions
FN:43,_RNvNtNtCsdjy7lWocQMd_9captchapi5tasks7cleanup31start_rate_limiter_cleanup_task
FN:26,_RNCNvNtNtCsfUeyVvfnc3w_9captchapi5tasks7cleanup18start_cleanup_task0B7_
FN:44,_RNCNvNtNtCsfUeyVvfnc3w_9captchapi5tasks7cleanup31start_rate_limiter_cleanup_task0B7_
FN:25,_RNvNtNtCsfUeyVvfnc3w_9captchapi5tasks7cleanup18start_cleanup_task
FN:43,_RNvNtNtCsfUeyVvfnc3w_9captchapi5tasks7cleanup31start_rate_limiter_cleanup_task
FN:10,_RNvNtNtCsfUeyVvfnc3w_9captchapi5tasks7cleanup24cleanup_expired_sessions
FN:68,_RNvNtNtNtCsfUeyVvfnc3w_9captchapi5tasks7cleanup5tests18setup_test_storage
FN:101,_RNvNtNtNtCsfUeyVvfnc3w_9captchapi5tasks7cleanup5tests20create_valid_session
FN:92,_RNvNtNtNtCsfUeyVvfnc3w_9captchapi5tasks7cleanup5tests22create_expired_session
FN:202,_RNvNtNtNtCsfUeyVvfnc3w_9captchapi5tasks7cleanup5testss_27test_cleanup_mixed_sessions
FN:163,_RNvNtNtNtCsfUeyVvfnc3w_9captchapi5tasks7cleanup5testss_32test_cleanup_with_empty_database
FN:140,_RNvNtNtNtCsfUeyVvfnc3w_9captchapi5tasks7cleanup5testss_37test_cleanup_preserves_valid_sessions
FN:114,_RNvNtNtNtCsfUeyVvfnc3w_9captchapi5tasks7cleanup5testss_37test_cleanup_removes_expired_sessions
FN:176,_RNvNtNtNtCsfUeyVvfnc3w_9captchapi5tasks7cleanup5testss_38test_cleanup_multiple_expired_sessions
FN:10,_RNCNvNtNtCsfUeyVvfnc3w_9captchapi5tasks7cleanup24cleanup_expired_sessions0B7_
FN:68,_RNCNvNtNtNtCsfUeyVvfnc3w_9captchapi5tasks7cleanup5tests18setup_test_storage0B9_
FN:202,_RNCNvNtNtNtCsfUeyVvfnc3w_9captchapi5tasks7cleanup5testss_27test_cleanup_mixed_sessions0B9_
FN:163,_RNCNvNtNtNtCsfUeyVvfnc3w_9captchapi5tasks7cleanup5testss_32test_cleanup_with_empty_database0B9_
FN:140,_RNCNvNtNtNtCsfUeyVvfnc3w_9captchapi5tasks7cleanup5testss_37test_cleanup_preserves_valid_sessions0B9_
FN:114,_RNCNvNtNtNtCsfUeyVvfnc3w_9captchapi5tasks7cleanup5testss_37test_cleanup_removes_expired_sessions0B9_
FN:176,_RNCNvNtNtNtCsfUeyVvfnc3w_9captchapi5tasks7cleanup5testss_38test_cleanup_multiple_expired_sessions0B9_
FN:10,_RNvNtNtCsbNrg83LN9s_9captchapi5tasks7cleanup24cleanup_expired_sessions
FN:68,_RNvNtNtNtCsbNrg83LN9s_9captchapi5tasks7cleanup5tests18setup_test_storage
FN:101,_RNvNtNtNtCsbNrg83LN9s_9captchapi5tasks7cleanup5tests20create_valid_session
FN:92,_RNvNtNtNtCsbNrg83LN9s_9captchapi5tasks7cleanup5tests22create_expired_session
FN:202,_RNvNtNtNtCsbNrg83LN9s_9captchapi5tasks7cleanup5testss_27test_cleanup_mixed_sessions
FN:163,_RNvNtNtNtCsbNrg83LN9s_9captchapi5tasks7cleanup5testss_32test_cleanup_with_empty_database
FN:140,_RNvNtNtNtCsbNrg83LN9s_9captchapi5tasks7cleanup5testss_37test_cleanup_preserves_valid_sessions
FN:114,_RNvNtNtNtCsbNrg83LN9s_9captchapi5tasks7cleanup5testss_37test_cleanup_removes_expired_sessions
FN:176,_RNvNtNtNtCsbNrg83LN9s_9captchapi5tasks7cleanup5testss_38test_cleanup_multiple_expired_sessions
FN:10,_RNCNvNtNtCsbNrg83LN9s_9captchapi5tasks7cleanup24cleanup_expired_sessions0B7_
FN:26,_RNCNvNtNtCsbNrg83LN9s_9captchapi5tasks7cleanup18start_cleanup_task0B7_
FN:44,_RNCNvNtNtCsbNrg83LN9s_9captchapi5tasks7cleanup31start_rate_limiter_cleanup_task0B7_
FN:25,_RNvNtNtCsbNrg83LN9s_9captchapi5tasks7cleanup18start_cleanup_task
FN:43,_RNvNtNtCsbNrg83LN9s_9captchapi5tasks7cleanup31start_rate_limiter_cleanup_task
FN:68,_RNCNvNtNtNtCsbNrg83LN9s_9captchapi5tasks7cleanup5tests18setup_test_storage0B9_
FN:202,_RNCNvNtNtNtCsbNrg83LN9s_9captchapi5tasks7cleanup5testss_27test_cleanup_mixed_sessions0B9_
FN:163,_RNCNvNtNtNtCsbNrg83LN9s_9captchapi5tasks7cleanup5testss_32test_cleanup_with_empty_database0B9_
FN:140,_RNCNvNtNtNtCsbNrg83LN9s_9captchapi5tasks7cleanup5testss_37test_cleanup_preserves_valid_sessions0B9_
FN:114,_RNCNvNtNtNtCsbNrg83LN9s_9captchapi5tasks7cleanup5testss_37test_cleanup_removes_expired_sessions0B9_
FN:176,_RNCNvNtNtNtCsbNrg83LN9s_9captchapi5tasks7cleanup5testss_38test_cleanup_multiple_expired_sessions0B9_
FNDA:0,_RNvNtNtCs49FsUT9Vps1_9captchapi5tasks7cleanup18start_cleanup_task
FNDA:0,_RNvNtNtCs49FsUT9Vps1_9captchapi5tasks7cleanup24cleanup_expired_sessions
FNDA:0,_RNvNtNtCs49FsUT9Vps1_9captchapi5tasks7cleanup31start_rate_limiter_cleanup_task
FNDA:0,_RNCNvNtNtCs49FsUT9Vps1_9captchapi5tasks7cleanup18start_cleanup_task0B7_
FNDA:0,_RNCNvNtNtCs49FsUT9Vps1_9captchapi5tasks7cleanup24cleanup_expired_sessions0B7_
FNDA:0,_RNCNvNtNtCs49FsUT9Vps1_9captchapi5tasks7cleanup31start_rate_limiter_cleanup_task0B7_
FNDA:0,_RNCNvNtNtCsdjy7lWocQMd_9captchapi5tasks7cleanup18start_cleanup_task0B7_
FNDA:5,_RNCNvNtNtCsdjy7lWocQMd_9captchapi5tasks7cleanup24cleanup_expired_sessions0B7_
FNDA:0,_RNCNvNtNtCsdjy7lWocQMd_9captchapi5tasks7cleanup31start_rate_limiter_cleanup_task0B7_
FNDA:0,_RNvNtNtCsdjy7lWocQMd_9captchapi5tasks7cleanup18start_cleanup_task
FNDA:5,_RNvNtNtCsdjy7lWocQMd_9captchapi5tasks7cleanup24cleanup_expired_sessions
FNDA:0,_RNvNtNtCsdjy7lWocQMd_9captchapi5tasks7cleanup31start_rate_limiter_cleanup_task
FNDA:0,_RNCNvNtNtCsfUeyVvfnc3w_9captchapi5tasks7cleanup18start_cleanup_task0B7_
FNDA:0,_RNCNvNtNtCsfUeyVvfnc3w_9captchapi5tasks7cleanup31start_rate_limiter_cleanup_task0B7_
FNDA:0,_RNvNtNtCsfUeyVvfnc3w_9captchapi5tasks7cleanup18start_cleanup_task
FNDA:0,_RNvNtNtCsfUeyVvfnc3w_9captchapi5tasks7cleanup31start_rate_limiter_cleanup_task
FNDA:8,_RNvNtNtCsfUeyVvfnc3w_9captchapi5tasks7cleanup24cleanup_expired_sessions
FNDA:5,_RNvNtNtNtCsfUeyVvfnc3w_9captchapi5tasks7cleanup5tests18setup_test_storage
FNDA:5,_RNvNtNtNtCsfUeyVvfnc3w_9captchapi5tasks7cleanup5tests20create_valid_session
FNDA:6,_RNvNtNtNtCsfUeyVvfnc3w_9captchapi5tasks7cleanup5tests22create_expired_session
FNDA:1,_RNvNtNtNtCsfUeyVvfnc3w_9captchapi5tasks7cleanup5testss_27test_cleanup_mixed_sessions
FNDA:1,_RNvNtNtNtCsfUeyVvfnc3w_9captchapi5tasks7cleanup5testss_32test_cleanup_with_empty_database
FNDA:1,_RNvNtNtNtCsfUeyVvfnc3w_9captchapi5tasks7cleanup5testss_37test_cleanup_preserves_valid_sessions
FNDA:1,_RNvNtNtNtCsfUeyVvfnc3w_9captchapi5tasks7cleanup5testss_37test_cleanup_removes_expired_sessions
FNDA:1,_RNvNtNtNtCsfUeyVvfnc3w_9captchapi5tasks7cleanup5testss_38test_cleanup_multiple_expired_sessions
FNDA:8,_RNCNvNtNtCsfUeyVvfnc3w_9captchapi5tasks7cleanup24cleanup_expired_sessions0B7_
FNDA:5,_RNCNvNtNtNtCsfUeyVvfnc3w_9captchapi5tasks7cleanup5tests18setup_test_storage0B9_
FNDA:1,_RNCNvNtNtNtCsfUeyVvfnc3w_9captchapi5tasks7cleanup5testss_27test_cleanup_mixed_sessions0B9_
FNDA:1,_RNCNvNtNtNtCsfUeyVvfnc3w_9captchapi5tasks7cleanup5testss_32test_cleanup_with_empty_database0B9_
FNDA:1,_RNCNvNtNtNtCsfUeyVvfnc3w_9captchapi5tasks7cleanup5testss_37test_cleanup_preserves_valid_sessions0B9_
FNDA:1,_RNCNvNtNtNtCsfUeyVvfnc3w_9captchapi5tasks7cleanup5testss_37test_cleanup_removes_expired_sessions0B9_
FNDA:1,_RNCNvNtNtNtCsfUeyVvfnc3w_9captchapi5tasks7cleanup5testss_38test_cleanup_multiple_expired_sessions0B9_
FNDA:8,_RNvNtNtCsbNrg83LN9s_9captchapi5tasks7cleanup24cleanup_expired_sessions
FNDA:5,_RNvNtNtNtCsbNrg83LN9s_9captchapi5tasks7cleanup5tests18setup_test_storage
FNDA:5,_RNvNtNtNtCsbNrg83LN9s_9captchapi5tasks7cleanup5tests20create_valid_session
FNDA:6,_RNvNtNtNtCsbNrg83LN9s_9captchapi5tasks7cleanup5tests22create_expired_session
FNDA:1,_RNvNtNtNtCsbNrg83LN9s_9captchapi5tasks7cleanup5testss_27test_cleanup_mixed_sessions
FNDA:1,_RNvNtNtNtCsbNrg83LN9s_9captchapi5tasks7cleanup5testss_32test_cleanup_with_empty_database
FNDA:1,_RNvNtNtNtCsbNrg83LN9s_9captchapi5tasks7cleanup5testss_37test_cleanup_preserves_valid_sessions
FNDA:1,_RNvNtNtNtCsbNrg83LN9s_9captchapi5tasks7cleanup5testss_37test_cleanup_removes_expired_sessions
FNDA:1,_RNvNtNtNtCsbNrg83LN9s_9captchapi5tasks7cleanup5testss_38test_cleanup_multiple_expired_sessions
FNDA:8,_RNCNvNtNtCsbNrg83LN9s_9captchapi5tasks7cleanup24cleanup_expired_sessions0B7_
FNDA:0,_RNCNvNtNtCsbNrg83LN9s_9captchapi5tasks7cleanup18start_cleanup_task0B7_
FNDA:0,_RNCNvNtNtCsbNrg83LN9s_9captchapi5tasks7cleanup31start_rate_limiter_cleanup_task0B7_
FNDA:0,_RNvNtNtCsbNrg83LN9s_9captchapi5tasks7cleanup18start_cleanup_task
FNDA:0,_RNvNtNtCsbNrg83LN9s_9captchapi5tasks7cleanup31start_rate_limiter_cleanup_task
FNDA:5,_RNCNvNtNtNtCsbNrg83LN9s_9captchapi5tasks7cleanup5tests18setup_test_storage0B9_
FNDA:1,_RNCNvNtNtNtCsbNrg83LN9s_9captchapi5tasks7cleanup5testss_27test_cleanup_mixed_sessions0B9_
FNDA:1,_RNCNvNtNtNtCsbNrg83LN9s_9captchapi5tasks7cleanup5testss_32test_cleanup_with_empty_database0B9_
FNDA:1,_RNCNvNtNtNtCsbNrg83LN9s_9captchapi5tasks7cleanup5testss_37test_cleanup_preserves_valid_sessions0B9_
FNDA:1,_RNCNvNtNtNtCsbNrg83LN9s_9captchapi5tasks7cleanup5testss_37test_cleanup_removes_expired_sessions0B9_
FNDA:1,_RNCNvNtNtNtCsbNrg83LN9s_9captchapi5tasks7cleanup5testss_38test_cleanup_multiple_expired_sessions0B9_
FNF:20
FNH:16
DA:10,21
DA:22,21
DA:25,0
DA:26,0
DA:27,0
DA:30,0
DA:32,0
DA:33,0
DA:34,0
DA:37,0
DA:43,0
DA:44,0
DA:45,0
DA:48,0
DA:50,0
DA:51,0
DA:52,0
DA:53,0
DA:58,0
DA:68,10
DA:69,10
DA:70,10
DA:71,10
DA:74,10
DA:75,10
DA:76,10
DA:77,10
DA:78,10
DA:79,10
DA:80,10
DA:81,10
DA:82,10
DA:84,10
DA:85,10
DA:86,10
DA:87,10
DA:89,10
DA:90,10
DA:92,12
DA:94,12
DA:96,12
DA:97,12
DA:98,12
DA:99,12
DA:101,10
DA:102,10
DA:103,10
DA:104,10
DA:111,10
DA:114,2
DA:115,2
DA:116,2
DA:119,2
DA:120,2
DA:123,2
DA:124,2
DA:127,2
DA:130,2
DA:133,2
DA:136,2
DA:137,2
DA:140,2
DA:141,2
DA:142,2
DA:145,2
DA:146,2
DA:148,2
DA:149,2
DA:152,2
DA:155,2
DA:158,2
DA:159,2
DA:160,2
DA:163,2
DA:164,2
DA:165,2
DA:168,2
DA:171,2
DA:172,2
DA:173,2
DA:176,2
DA:177,2
DA:178,2
DA:181,2
DA:182,2
DA:183,2
DA:185,2
DA:186,2
DA:187,2
DA:190,2
DA:193,2
DA:196,2
DA:197,2
DA:198,2
DA:199,2
DA:202,2
DA:203,2
DA:204,2
DA:207,2
DA:208,2
DA:209,2
DA:210,2
DA:212,2
DA:213,2
DA:214,2
DA:215,2
DA:218,2
DA:221,2
DA:224,2
DA:225,2
DA:228,2
DA:229,2
DA:230,2
BRF:0
BRH:0
LF:127
LH:108
end_of_record
SF:/home/user/captchapi/src/telemetry.rs
FN:43,_RNvNtCs49FsUT9Vps1_9captchapi9telemetry14init_telemetry
FN:96,_RNvNtCs49FsUT9Vps1_9captchapi9telemetry18shutdown_telemetry
FN:14,_RNvNtCs49FsUT9Vps1_9captchapi9telemetry20is_telemetry_enabled
FN:46,_RNCNvNtCs49FsUT9Vps1_9captchapi9telemetry14init_telemetry0B5_
FN:48,_RNCNvNtCs49FsUT9Vps1_9captchapi9telemetry14init_telemetrys_0B5_
FN:16,_RNCNvNtCs49FsUT9Vps1_9captchapi9telemetry20is_telemetry_enabled0B5_
FN:19,_RNCNvNtCs49FsUT9Vps1_9captchapi9telemetry20is_telemetry_enableds_0B5_
FN:46,_RNCNvNtCsdjy7lWocQMd_9captchapi9telemetry14init_telemetry0B5_
FN:48,_RNCNvNtCsdjy7lWocQMd_9captchapi9telemetry14init_telemetrys_0B5_
FN:16,_RNCNvNtCsdjy7lWocQMd_9captchapi9telemetry20is_telemetry_enabled0B5_
FN:19,_RNCNvNtCsdjy7lWocQMd_9captchapi9telemetry20is_telemetry_enableds_0B5_
FN:43,_RNvNtCsdjy7lWocQMd_9captchapi9telemetry14init_telemetry
FN:96,_RNvNtCsdjy7lWocQMd_9captchapi9telemetry18shutdown_telemetry
FN:14,_RNvNtCsdjy7lWocQMd_9captchapi9telemetry20is_telemetry_enabled
FN:46,_RNCNvNtCsfUeyVvfnc3w_9captchapi9telemetry14init_telemetry0B5_
FN:48,_RNCNvNtCsfUeyVvfnc3w_9captchapi9telemetry14init_telemetrys_0B5_
FN:43,_RNvNtCsfUeyVvfnc3w_9captchapi9telemetry14init_telemetry
FN:96,_RNvNtCsfUeyVvfnc3w_9captchapi9telemetry18shutdown_telemetry
FN:14,_RNvNtCsfUeyVvfnc3w_9captchapi9telemetry20is_telemetry_enabled
FN:127,_RNvNtNtCsfUeyVvfnc3w_9captchapi9telemetry5testss_33test_is_telemetry_enabled_with_on
FN:113,_RNvNtNtCsfUeyVvfnc3w_9captchapi9telemetry5testss_34test_is_telemetry_enabled_with_one
FN:120,_RNvNtNtCsfUeyVvfnc3w_9captchapi9telemetry5testss_34test_is_telemetry_enabled_with_yes
FN:106,_RNvNtNtCsfUeyVvfnc3w_9captchapi9telemetry5testss_35test_is_telemetry_enabled_with_true
FN:152,_RNvNtNtCsfUeyVvfnc3w_9captchapi9telemetry5testss_35test_is_telemetry_enabled_with_zero
FN:145,_RNvNtNtCsfUeyVvfnc3w_9captchapi9telemetry5testss_36test_is_telemetry_enabled_with_false
FN:172,_RNvNtNtCsfUeyVvfnc3w_9captchapi9telemetry5testss_38test_shutdown_telemetry_does_not_panic
FN:166,_RNvNtNtCsfUeyVvfnc3w_9captchapi9telemetry5testss_39test_is_telemetry_enabled_default_false
FN:134,_RNvNtNtCsfUeyVvfnc3w_9captchapi9telemetry5testss_42test_is_telemetry_enabled_case_insensitive
FN:159,_RNvNtNtCsfUeyVvfnc3w_9captchapi9telemetry5testss_44test_is_telemetry_enabled_with_invalid_value
FN:16,_RNCNvNtCsfUeyVvfnc3w_9captchapi9telemetry20is_telemetry_enabled0B5_
FN:19,_RNCNvNtCsfUeyVvfnc3w_9captchapi9telemetry20is_telemetry_enableds_0B5_
FN:16,_RNCNvNtCsbNrg83LN9s_9captchapi9telemetry20is_telemetry_enabled0B5_
FN:19,_RNCNvNtCsbNrg83LN9s_9captchapi9telemetry20is_telemetry_enableds_0B5_
FN:96,_RNvNtCsbNrg83LN9s_9captchapi9telemetry18shutdown_telemetry
FN:14,_RNvNtCsbNrg83LN9s_9captchapi9telemetry20is_telemetry_enabled
FN:46,_RNCNvNtCsbNrg83LN9s_9captchapi9telemetry14init_telemetry0B5_
FN:48,_RNCNvNtCsbNrg83LN9s_9captchapi9telemetry14init_telemetrys_0B5_
FN:43,_RNvNtCsbNrg83LN9s_9captchapi9telemetry14init_telemetry
FN:127,_RNvNtNtCsbNrg83LN9s_9captchapi9telemetry5testss_33test_is_telemetry_enabled_with_on
FN:113,_RNvNtNtCsbNrg83LN9s_9captchapi9telemetry5testss_34test_is_telemetry_enabled_with_one
FN:120,_RNvNtNtCsbNrg83LN9s_9captchapi9telemetry5testss_34test_is_telemetry_enabled_with_yes
FN:106,_RNvNtNtCsbNrg83LN9s_9captchapi9telemetry5testss_35test_is_telemetry_enabled_with_true
FN:152,_RNvNtNtCsbNrg83LN9s_9captchapi9telemetry5testss_35test_is_telemetry_enabled_with_zero
FN:145,_RNvNtNtCsbNrg83LN9s_9captchapi9telemetry5testss_36test_is_telemetry_enabled_with_false
FN:172,_RNvNtNtCsbNrg83LN9s_9captchapi9telemetry5testss_38test_shutdown_telemetry_does_not_panic
FN:166,_RNvNtNtCsbNrg83LN9s_9captchapi9telemetry5testss_39test_is_telemetry_enabled_default_false
FN:134,_RNvNtNtCsbNrg83LN9s_9captchapi9telemetry5testss_42test_is_telemetry_enabled_case_insensitive
FN:159,_RNvNtNtCsbNrg83LN9s_9captchapi9telemetry5testss_44test_is_telemetry_enabled_with_invalid_value
FNDA:0,_RNvNtCs49FsUT9Vps1_9captchapi9telemetry14init_telemetry
FNDA:0,_RNvNtCs49FsUT9Vps1_9captchapi9telemetry18shutdown_telemetry
FNDA:0,_RNvNtCs49FsUT9Vps1_9captchapi9telemetry20is_telemetry_enabled
FNDA:0,_RNCNvNtCs49FsUT9Vps1_9captchapi9telemetry14init_telemetry0B5_
FNDA:0,_RNCNvNtCs49FsUT9Vps1_9captchapi9telemetry14init_telemetrys_0B5_
FNDA:0,_RNCNvNtCs49FsUT9Vps1_9captchapi9telemetry20is_telemetry_enabled0B5_
FNDA:0,_RNCNvNtCs49FsUT9Vps1_9captchapi9telemetry20is_telemetry_enableds_0B5_
FNDA:0,_RNCNvNtCsdjy7lWocQMd_9captchapi9telemetry14init_telemetry0B5_
FNDA:0,_RNCNvNtCsdjy7lWocQMd_9captchapi9telemetry14init_telemetrys_0B5_
FNDA:0,_RNCNvNtCsdjy7lWocQMd_9captchapi9telemetry20is_telemetry_enabled0B5_
FNDA:0,_RNCNvNtCsdjy7lWocQMd_9captchapi9telemetry20is_telemetry_enableds_0B5_
FNDA:0,_RNvNtCsdjy7lWocQMd_9captchapi9telemetry14init_telemetry
FNDA:0,_RNvNtCsdjy7lWocQMd_9captchapi9telemetry18shutdown_telemetry
FNDA:0,_RNvNtCsdjy7lWocQMd_9captchapi9telemetry20is_telemetry_enabled
FNDA:0,_RNCNvNtCsfUeyVvfnc3w_9captchapi9telemetry14init_telemetry0B5_
FNDA:0,_RNCNvNtCsfUeyVvfnc3w_9captchapi9telemetry14init_telemetrys_0B5_
FNDA:0,_RNvNtCsfUeyVvfnc3w_9captchapi9telemetry14init_telemetry
FNDA:1,_RNvNtCsfUeyVvfnc3w_9captchapi9telemetry18shutdown_telemetry
FNDA:10,_RNvNtCsfUeyVvfnc3w_9captchapi9telemetry20is_telemetry_enabled
FNDA:1,_RNvNtNtCsfUeyVvfnc3w_9captchapi9telemetry5testss_33test_is_telemetry_enabled_with_on
FNDA:1,_RNvNtNtCsfUeyVvfnc3w_9captchapi9telemetry5testss_34test_is_telemetry_enabled_with_one
FNDA:1,_RNvNtNtCsfUeyVvfnc3w_9captchapi9telemetry5testss_34test_is_telemetry_enabled_with_yes
FNDA:1,_RNvNtNtCsfUeyVvfnc3w_9captchapi9telemetry5testss_35test_is_telemetry_enabled_with_true
FNDA:1,_RNvNtNtCsfUeyVvfnc3w_9captchapi9telemetry5testss_35test_is_telemetry_enabled_with_zero
FNDA:1,_RNvNtNtCsfUeyVvfnc3w_9captchapi9telemetry5testss_36test_is_telemetry_enabled_with_false
FNDA:1,_RNvNtNtCsfUeyVvfnc3w_9captchapi9telemetry5testss_38test_shutdown_telemetry_does_not_panic
FNDA:1,_RNvNtNtCsfUeyVvfnc3w_9captchapi9telemetry5testss_39test_is_telemetry_enabled_default_false
FNDA:1,_RNvNtNtCsfUeyVvfnc3w_9captchapi9telemetry5testss_42test_is_telemetry_enabled_case_insensitive
FNDA:1,_RNvNtNtCsfUeyVvfnc3w_9captchapi9telemetry5testss_44test_is_telemetry_enabled_with_invalid_value
FNDA:1,_RNCNvNtCsfUeyVvfnc3w_9captchapi9telemetry20is_telemetry_enabled0B5_
FNDA:6,_RNCNvNtCsfUeyVvfnc3w_9captchapi9telemetry20is_telemetry_enableds_0B5_
FNDA:1,_RNCNvNtCsbNrg83LN9s_9captchapi9telemetry20is_telemetry_enabled0B5_
FNDA:6,_RNCNvNtCsbNrg83LN9s_9captchapi9telemetry20is_telemetry_enableds_0B5_
FNDA:1,_RNvNtCsbNrg83LN9s_9captchapi9telemetry18shutdown_telemetry
FNDA:10,_RNvNtCsbNrg83LN9s_9captchapi9telemetry20is_telemetry_enabled
FNDA:0,_RNCNvNtCsbNrg83LN9s_9captchapi9telemetry14init_telemetry0B5_
FNDA:0,_RNCNvNtCsbNrg83LN9s_9captchapi9telemetry14init_telemetrys_0B5_
FNDA:0,_RNvNtCsbNrg83LN9s_9captchapi9telemetry14init_telemetry
FNDA:1,_RNvNtNtCsbNrg83LN9s_9captchapi9telemetry5testss_33test_is_telemetry_enabled_with_on
FNDA:1,_RNvNtNtCsbNrg83LN9s_9captchapi9telemetry5testss_34test_is_telemetry_enabled_with_one
FNDA:1,_RNvNtNtCsbNrg83LN9s_9captchapi9telemetry5testss_34test_is_telemetry_enabled_with_yes
FNDA:1,_RNvNtNtCsbNrg83LN9s_9captchapi9telemetry5testss_35test_is_telemetry_enabled_with_true
FNDA:1,_RNvNtNtCsbNrg83LN9s_9captchapi9telemetry5testss_35test_is_telemetry_enabled_with_zero
FNDA:1,_RNvNtNtCsbNrg83LN9s_9captchapi9telemetry5testss_36test_is_telemetry_enabled_with_false
FNDA:1,_RNvNtNtCsbNrg83LN9s_9captchapi9telemetry5testss_38test_shutdown_telemetry_does_not_panic
FNDA:1,_RNvNtNtCsbNrg83LN9s_9captchapi9telemetry5testss_39test_is_telemetry_enabled_default_false
FNDA:1,_RNvNtNtCsbNrg83LN9s_9captchapi9telemetry5testss_42test_is_telemetry_enabled_case_insensitive
FNDA:1,_RNvNtNtCsbNrg83LN9s_9captchapi9telemetry5testss_44test_is_telemetry_enabled_with_invalid_value
FNF:17
FNH:14
DA:14,20
DA:15,20
DA:16,20
DA:17,20
DA:18,20
DA:19,20
DA:21,8
DA:22,12
DA:23,12
DA:24,12
DA:25,12
DA:26,12
DA:28,12
DA:29,20
DA:43,0
DA:45,0
DA:46,0
DA:47,0
DA:48,0
DA:50,0
DA:51,0
DA:56,0
DA:57,0
DA:59,0
DA:61,0
DA:68,0
DA:69,0
DA:70,0
DA:71,0
DA:72,0
DA:75,0
DA:76,0
DA:77,0
DA:78,0
DA:79,0
DA:80,0
DA:83,0
DA:86,0
DA:88,0
DA:90,0
DA:91,0
DA:96,2
DA:97,2
DA:98,2
DA:99,2
DA:106,2
DA:107,2
DA:108,2
DA:109,2
DA:110,2
DA:113,2
DA:114,2
DA:115,2
DA:116,2
DA:117,2
DA:120,2
DA:121,2
DA:122,2
DA:123,2
DA:124,2
DA:127,2
DA:128,2
DA:129,2
DA:130,2
DA:131,2
DA:134,2
DA:135,2
DA:136,2
DA:137,2
DA:139,2
DA:140,2
DA:141,2
DA:142,2
DA:145,2
DA:146,2
DA:147,2
DA:148,2
DA:149,2
DA:152,2
DA:153,2
DA:154,2
DA:155,2
DA:156,2
DA:159,2
DA:160,2
DA:161,2
DA:162,2
DA:163,2
DA:166,2
DA:167,2
DA:168,2
DA:169,2
DA:172,2
DA:174,2
DA:175,2
BRF:0
BRH:0
LF:99
LH:70
end_of_record